     0     0  0.00000 -0.16341  0.98656
     1     1 -0.05937 -0.25205  0.96589
     2     2  0.05937 -0.25205  0.96589
     3     3 -0.11608 -0.33488  0.93508
     4     4  0.00000 -0.33416  0.94252
     5     5  0.11608 -0.33488  0.93508
     6     6 -0.17034 -0.41236  0.89495
     7     7 -0.05629 -0.41966  0.90593
     8     8  0.05629 -0.41966  0.90593
     9     9  0.17034 -0.41236  0.89495
    10    10 -0.22227 -0.48475  0.84594
    11    11 -0.11097 -0.49885  0.85956
    12    12  0.00000 -0.50225  0.86472
    13    13  0.11097 -0.49885  0.85956
    14    14  0.22227 -0.48475  0.84594
    15    15 -0.27189 -0.55213  0.78818
    16    16 -0.16408 -0.57195  0.80371
    17    17 -0.05481 -0.58070  0.81227
    18    18  0.05481 -0.58070  0.81227
    19    19  0.16408 -0.57195  0.80371
    20    20  0.27189 -0.55213  0.78818
    21    21 -0.31919 -0.61442  0.72153
    22    22 -0.21562 -0.63895  0.73841
    23    23 -0.10896 -0.65223  0.75015
    24    24  0.00000 -0.65614  0.75464
    25    25  0.10896 -0.65223  0.75015
    26    26  0.21562 -0.63895  0.73841
    27    27  0.31919 -0.61442  0.72153
    28    28 -0.36403 -0.67137  0.64556
    29    29 -0.26554 -0.69965  0.66331
    30    30 -0.15933 -0.71643  0.67922
    31    31 -0.05311 -0.72468  0.68704
    32    32  0.05311 -0.72468  0.68704
    33    33  0.15933 -0.71643  0.67922
    34    34  0.26554 -0.69965  0.66331
    35    35  0.36403 -0.67137  0.64556
    36    36 -0.40621 -0.72251  0.55945
    37    37 -0.30465 -0.75309  0.58313
    38    38 -0.20310 -0.77420  0.59947
    39    39 -0.10155 -0.78659  0.60907
    40    40  0.00000 -0.79068  0.61223
    41    41  0.10155 -0.78659  0.60907
    42    42  0.20310 -0.77420  0.59947
    43    43  0.30465 -0.75309  0.58313
    44    44  0.40621 -0.72251  0.55945
    45    45 -0.43014 -0.76793  0.47461
    46    46 -0.33456 -0.80163  0.49544
    47    47 -0.23897 -0.82600  0.51050
    48    48 -0.14338 -0.84186  0.52030
    49    49 -0.04779 -0.84968  0.52513
    50    50  0.49404 -0.67999  0.54179
    51    51  0.45849 -0.63105  0.62575
    52    52  0.41955 -0.57746  0.70037
    53    53  0.37751 -0.51960  0.76648
    54    54  0.33256 -0.45773  0.82455
    55    55 -0.06390 -0.08795  0.99407
    56    56 -0.12393 -0.17058  0.97752
    57    57 -0.18058 -0.24855  0.95164
    58    58 -0.23413 -0.32226  0.91724
    59    59 -0.28477 -0.39195  0.87481
    60    60  0.15541 -0.05050  0.98656
    61    61  0.22137 -0.13435  0.96589
    62    62  0.25806 -0.02142  0.96589
    63    63  0.28261 -0.21388  0.93508
    64    64  0.31781 -0.10326  0.94252
    65    65  0.35436  0.00692  0.93508
    66    66  0.33954 -0.28943  0.89495
    67    67  0.38172 -0.18322  0.90593
    68    68  0.41651 -0.07614  0.90593
    69    69  0.44482  0.03458  0.89495
    70    70  0.39234 -0.36119  0.84594
    71    71  0.44014 -0.25969  0.85956
    72    72  0.47767 -0.15520  0.86472
    73    73  0.50872 -0.04862  0.85956
    74    74  0.52971  0.06159  0.84594
    75    75  0.44109 -0.42920  0.78818
    76    76  0.49325 -0.33279  0.80371
    77    77  0.53534 -0.23157  0.81227
    78    78  0.56921 -0.12732  0.81227
    79    79  0.59466 -0.02070  0.80371
    80    80  0.60913  0.08797  0.78818
    81    81  0.48572 -0.49343  0.72153
    82    82  0.54105 -0.40251  0.73841
    83    83  0.58664 -0.30518  0.75015
    84    84  0.62402 -0.20276  0.75464
    85    85  0.65398 -0.09792  0.75015
    86    86  0.67431  0.00762  0.73841
    87    87  0.68299  0.11370  0.72153
    88    88  0.52602 -0.55368  0.64556
    89    89  0.58335 -0.46875  0.66331
    90    90  0.63213 -0.37292  0.67922
    91    91  0.67280 -0.27445  0.68704
    92    92  0.70562 -0.17343  0.68704
    93    93  0.73060 -0.06986  0.67922
    94    94  0.74746  0.03634  0.66331
    95    95  0.75100  0.13875  0.64556
    96    96  0.56162 -0.60959  0.55945
    97    97  0.62209 -0.52246  0.58313
    98    98  0.67354 -0.43240  0.59947
    99    99  0.71671 -0.33965  0.60907
   100   100  0.75198 -0.24433  0.61223
   101   101  0.77947 -0.14649  0.60907
   102   102  0.79907 -0.04608  0.59947
   103   103  0.81038  0.05703  0.58313
   104   104  0.81267  0.16306  0.55945
   105   105  0.59743 -0.64640  0.47461
   106   106  0.65901 -0.56590  0.49544
   107   107  0.71173 -0.48252  0.51050
   108   108  0.75635 -0.39651  0.52030
   109   109  0.79332 -0.30802  0.52513
   110   110  0.79937  0.25973  0.54179
   111   111  0.74185  0.24104  0.62575
   112   112  0.67884  0.22057  0.70037
   113   113  0.61083  0.19847  0.76648
   114   114  0.53809  0.17484  0.82455
   115   115  0.06390 -0.08795  0.99407
   116   116  0.12393 -0.17058  0.97752
   117   117  0.18058 -0.24855  0.95164
   118   118  0.23413 -0.32226  0.91724
   119   119  0.28477 -0.39195  0.87481
   120   120  0.09605  0.13220  0.98656
   121   121  0.19618  0.16901  0.96589
   122   122  0.10012  0.23881  0.96589
   123   123  0.29075  0.20269  0.93508
   124   124  0.19641  0.27034  0.94252
   125   125  0.10292  0.33915  0.93508
   126   126  0.38019  0.23348  0.89495
   127   127  0.29221  0.30642  0.90593
   128   128  0.20113  0.37260  0.90593
   129   129  0.10457  0.43373  0.89495
   130   130  0.46475  0.26153  0.84594
   131   131  0.38299  0.33835  0.85956
   132   132  0.29522  0.40633  0.86472
   133   133  0.20344  0.46880  0.85956
   134   134  0.10511  0.52282  0.84594
   135   135  0.54450  0.28687  0.78818
   136   136  0.46892  0.36627  0.80371
   137   137  0.38567  0.43758  0.81227
   138   138  0.29699  0.50201  0.81227
   139   139  0.20344  0.55916  0.80371
   140   140  0.10457  0.60650  0.78818
   141   141  0.61938  0.30947  0.72153
   142   142  0.55001  0.39018  0.73841
   143   143  0.47153  0.46362  0.75015
   144   144  0.38567  0.53083  0.75464
   145   145  0.29522  0.59171  0.75015
   146   146  0.20113  0.64366  0.73841
   147   147  0.10292  0.68469  0.72153
   148   148  0.68913  0.32918  0.64556
   149   149  0.62607  0.40995  0.66331
   150   150  0.55001  0.48596  0.67922
   151   151  0.46892  0.55506  0.68704
   152   152  0.38299  0.61749  0.68704
   153   153  0.29221  0.67326  0.67922
   154   154  0.19641  0.72211  0.66331
   155   155  0.10012  0.75712  0.64556
   156   156  0.75331  0.34576  0.55945
   157   157  0.68913  0.43019  0.58313
   158   158  0.61938  0.50696  0.59947
   159   159  0.54450  0.57667  0.60907
   160   160  0.46475  0.63967  0.61223
   161   161  0.38019  0.69605  0.60907
   162   162  0.29075  0.74572  0.59947
   163   163  0.19618  0.78833  0.58313
   164   164  0.09605  0.82328  0.55945
   165   165  0.79937  0.36844  0.47461
   166   166  0.74185  0.45189  0.49544
   167   167  0.67884  0.52779  0.51050
   168   168  0.61083  0.59680  0.52030
   169   169  0.53809  0.65931  0.52513
   170   170  0.00000  0.84051  0.54179
   171   171  0.00000  0.78003  0.62575
   172   172  0.00000  0.71378  0.70037
   173   173  0.00000  0.64227  0.76648
   174   174  0.00000  0.56579  0.82455
   175   175  0.10339  0.03359  0.99407
   176   176  0.20053  0.06516  0.97752
   177   177  0.29218  0.09494  0.95164
   178   178  0.37884  0.12309  0.91724
   179   179  0.46076  0.14971  0.87481
   180   180 -0.09605  0.13220  0.98656
   181   181 -0.10012  0.23881  0.96589
   182   182 -0.19618  0.16901  0.96589
   183   183 -0.10292  0.33915  0.93508
   184   184 -0.19641  0.27034  0.94252
   185   185 -0.29075  0.20269  0.93508
   186   186 -0.10457  0.43373  0.89495
   187   187 -0.20113  0.37260  0.90593
   188   188 -0.29221  0.30642  0.90593
   189   189 -0.38019  0.23348  0.89495
   190   190 -0.10511  0.52282  0.84594
   191   191 -0.20344  0.46880  0.85956
   192   192 -0.29522  0.40633  0.86472
   193   193 -0.38299  0.33835  0.85956
   194   194 -0.46475  0.26153  0.84594
   195   195 -0.10457  0.60650  0.78818
   196   196 -0.20344  0.55916  0.80371
   197   197 -0.29699  0.50201  0.81227
   198   198 -0.38567  0.43758  0.81227
   199   199 -0.46892  0.36627  0.80371
   200   200 -0.54450  0.28687  0.78818
   201   201 -0.10292  0.68469  0.72153
   202   202 -0.20113  0.64366  0.73841
   203   203 -0.29522  0.59171  0.75015
   204   204 -0.38567  0.53083  0.75464
   205   205 -0.47153  0.46362  0.75015
   206   206 -0.55001  0.39018  0.73841
   207   207 -0.61938  0.30947  0.72153
   208   208 -0.10012  0.75712  0.64556
   209   209 -0.19641  0.72211  0.66331
   210   210 -0.29221  0.67326  0.67922
   211   211 -0.38299  0.61749  0.68704
   212   212 -0.46892  0.55506  0.68704
   213   213 -0.55001  0.48596  0.67922
   214   214 -0.62607  0.40995  0.66331
   215   215 -0.68913  0.32918  0.64556
   216   216 -0.09605  0.82328  0.55945
   217   217 -0.19618  0.78833  0.58313
   218   218 -0.29075  0.74572  0.59947
   219   219 -0.38019  0.69605  0.60907
   220   220 -0.46475  0.63967  0.61223
   221   221 -0.54450  0.57667  0.60907
   222   222 -0.61938  0.50696  0.59947
   223   223 -0.68913  0.43019  0.58313
   224   224 -0.75331  0.34576  0.55945
   225   225 -0.10339  0.87410  0.47461
   226   226 -0.20053  0.84518  0.49544
   227   227 -0.29218  0.80871  0.51050
   228   228 -0.37884  0.76536  0.52030
   229   229 -0.46076  0.71550  0.52513
   230   230 -0.79937  0.25973  0.54179
   231   231 -0.74185  0.24104  0.62575
   232   232 -0.67884  0.22057  0.70037
   233   233 -0.61083  0.19847  0.76648
   234   234 -0.53809  0.17484  0.82455
   235   235 -0.00000  0.10871  0.99407
   236   236 -0.00000  0.21085  0.97752
   237   237 -0.00000  0.30722  0.95164
   238   238 -0.00000  0.39833  0.91724
   239   239 -0.00000  0.48447  0.87481
   240   240 -0.15541 -0.05050  0.98656
   241   241 -0.25806 -0.02142  0.96589
   242   242 -0.22137 -0.13435  0.96589
   243   243 -0.35436  0.00692  0.93508
   244   244 -0.31781 -0.10326  0.94252
   245   245 -0.28261 -0.21388  0.93508
   246   246 -0.44482  0.03458  0.89495
   247   247 -0.41651 -0.07614  0.90593
   248   248 -0.38172 -0.18322  0.90593
   249   249 -0.33954 -0.28943  0.89495
   250   250 -0.52971  0.06159  0.84594
   251   251 -0.50872 -0.04862  0.85956
   252   252 -0.47767 -0.15520  0.86472
   253   253 -0.44014 -0.25969  0.85956
   254   254 -0.39234 -0.36119  0.84594
   255   255 -0.60913  0.08797  0.78818
   256   256 -0.59466 -0.02070  0.80371
   257   257 -0.56921 -0.12732  0.81227
   258   258 -0.53534 -0.23157  0.81227
   259   259 -0.49325 -0.33279  0.80371
   260   260 -0.44109 -0.42920  0.78818
   261   261 -0.68299  0.11370  0.72153
   262   262 -0.67431  0.00762  0.73841
   263   263 -0.65398 -0.09792  0.75015
   264   264 -0.62402 -0.20276  0.75464
   265   265 -0.58664 -0.30518  0.75015
   266   266 -0.54105 -0.40251  0.73841
   267   267 -0.48572 -0.49343  0.72153
   268   268 -0.75100  0.13875  0.64556
   269   269 -0.74746  0.03634  0.66331
   270   270 -0.73060 -0.06986  0.67922
   271   271 -0.70562 -0.17343  0.68704
   272   272 -0.67280 -0.27445  0.68704
   273   273 -0.63213 -0.37292  0.67922
   274   274 -0.58335 -0.46875  0.66331
   275   275 -0.52602 -0.55368  0.64556
   276   276 -0.81267  0.16306  0.55945
   277   277 -0.81038  0.05703  0.58313
   278   278 -0.79907 -0.04608  0.59947
   279   279 -0.77947 -0.14649  0.60907
   280   280 -0.75198 -0.24433  0.61223
   281   281 -0.71671 -0.33965  0.60907
   282   282 -0.67354 -0.43240  0.59947
   283   283 -0.62209 -0.52246  0.58313
   284   284 -0.56162 -0.60959  0.55945
   285   285 -0.86327  0.17179  0.47461
   286   286 -0.86578  0.07046  0.49544
   287   287 -0.85942 -0.02798  0.51050
   288   288 -0.84496 -0.12379  0.52030
   289   289 -0.82286 -0.21711  0.52513
   290   290 -0.49404 -0.67999  0.54179
   291   291 -0.45849 -0.63105  0.62575
   292   292 -0.41955 -0.57746  0.70037
   293   293 -0.37752 -0.51960  0.76648
   294   294 -0.33256 -0.45773  0.82455
   295   295 -0.10339  0.03359  0.99407
   296   296 -0.20053  0.06515  0.97752
   297   297 -0.29218  0.09494  0.95164
   298   298 -0.37884  0.12309  0.91724
   299   299 -0.46076  0.14971  0.87481
   300   300  0.40621 -0.82350  0.39604
   301   301  0.30465 -0.85836  0.41280
   302   302  0.36403 -0.87765  0.31179
   303   303  0.20310 -0.88242  0.42437
   304   304  0.26554 -0.90617  0.32915
   305   305  0.31919 -0.92013  0.22688
   306   306  0.10155 -0.89654  0.43116
   307   307  0.15933 -0.92791  0.33704
   308   308  0.21562 -0.94620  0.24127
   309   309  0.27189 -0.95189  0.14136
   310   310  0.00000 -0.90120  0.43340
   311   311  0.05311 -0.93859  0.34092
   312   312  0.10896 -0.96264  0.24790
   313   313  0.16408 -0.97465  0.15213
   314   314  0.22227 -0.97342  0.05526
   315   315 -0.10155 -0.89654  0.43116
   316   316 -0.05311 -0.93859  0.34092
   317   317  0.00000 -0.96841  0.24938
   318   318  0.05481 -0.98621  0.15613
   319   319  0.11097 -0.99190  0.06178
   320   320  0.17034 -0.98488 -0.03141
   321   321 -0.20310 -0.88242  0.42437
   322   322 -0.15933 -0.92791  0.33704
   323   323 -0.10896 -0.96264  0.24790
   324   324 -0.05481 -0.98621  0.15613
   325   325  0.00000 -0.99804  0.06251
   326   326  0.05629 -0.99797 -0.02979
   327   327  0.11608 -0.98613 -0.11866
   328   328 -0.30465 -0.85836  0.41280
   329   329 -0.26554 -0.90617  0.32915
   330   330 -0.21562 -0.94620  0.24127
   331   331 -0.16408 -0.97465  0.15213
   332   332 -0.11097 -0.99190  0.06178
   333   333 -0.05629 -0.99797 -0.02979
   334   334  0.00000 -0.99245 -0.12262
   335   335  0.05937 -0.97664 -0.20652
   336   336 -0.40621 -0.82350  0.39604
   337   337 -0.36403 -0.87765  0.31179
   338   338 -0.31919 -0.92013  0.22688
   339   339 -0.27189 -0.95189  0.14136
   340   340 -0.22227 -0.97342  0.05526
   341   341 -0.17034 -0.98488 -0.03141
   342   342 -0.11608 -0.98613 -0.11866
   343   343 -0.05937 -0.97664 -0.20652
   344   344  0.00000 -0.95548 -0.29504
   345   345 -0.49404 -0.78870  0.36590
   346   346 -0.45849 -0.84190  0.28459
   347   347 -0.41955 -0.88468  0.20328
   348   348 -0.37751 -0.91794  0.12197
   349   349 -0.33256 -0.94221  0.04066
   350   350  0.06390 -0.92846 -0.36590
   351   351  0.12393 -0.95060 -0.28459
   352   352  0.18058 -0.96232 -0.20328
   353   353  0.23413 -0.96452 -0.12197
   354   354  0.28477 -0.95773 -0.04066
   355   355  0.43014 -0.76793  0.47461
   356   356  0.33456 -0.80163  0.49544
   357   357  0.23897 -0.82601  0.51050
   358   358  0.14338 -0.84186  0.52030
   359   359  0.04779 -0.84968  0.52513
   360   360  0.90872  0.13185  0.39604
   361   361  0.91049  0.02450  0.41280
   362   362  0.94719  0.07500  0.31179
   363   363  0.90199 -0.07952  0.42437
   364   364  0.94388 -0.02748  0.32915
   365   365  0.97373  0.01923  0.22688
   366   366  0.88404 -0.18046  0.43116
   367   367  0.93173 -0.13521  0.33704
   368   368  0.96652 -0.08733  0.24127
   369   369  0.98932 -0.03556  0.14136
   370   370  0.85709 -0.27849  0.43340
   371   371  0.90906 -0.23953  0.34092
   372   372  0.94920 -0.19384  0.24790
   373   373  0.97765 -0.14514  0.15213
   374   374  0.99446 -0.08941  0.05526
   375   375  0.82128 -0.37363  0.43116
   376   376  0.87624 -0.34055  0.34092
   377   377  0.92101 -0.29925  0.24938
   378   378  0.95488 -0.25263  0.15613
   379   379  0.97765 -0.20098  0.06178
   380   380  0.98932 -0.14234 -0.03141
   381   381  0.77647 -0.46584  0.42437
   382   382  0.83326 -0.43827  0.33704
   383   383  0.88185 -0.40110  0.24790
   384   384  0.92101 -0.35688  0.15613
   385   385  0.94920 -0.30841  0.06251
   386   386  0.96652 -0.25485 -0.02979
   387   387  0.97373 -0.19433 -0.11866
   388   388  0.72220 -0.55499  0.41280
   389   389  0.77976 -0.53257  0.32915
   390   390  0.83326 -0.49746  0.24127
   391   391  0.87624 -0.45723  0.15213
   392   392  0.90906 -0.41205  0.06178
   393   393  0.93173 -0.36193 -0.02979
   394   394  0.94388 -0.30668 -0.12262
   395   395  0.94719 -0.24533 -0.20652
   396   396  0.65767 -0.64080  0.39604
   397   397  0.72220 -0.61742  0.31179
   398   398  0.77647 -0.58790  0.22688
   399   399  0.82128 -0.55274  0.14136
   400   400  0.85709 -0.51219  0.05526
   401   401  0.88404 -0.46635 -0.03141
   402   402  0.90199 -0.41513 -0.11866
   403   403  0.91049 -0.35827 -0.20652
   404   404  0.90872 -0.29526 -0.29504
   405   405  0.59743 -0.71358  0.36590
   406   406  0.65902 -0.69621  0.28459
   407   407  0.71173 -0.67239  0.20328
   408   408  0.75635 -0.64270  0.12197
   409   409  0.79332 -0.60744  0.04066
   410   410  0.90276 -0.22614 -0.36590
   411   411  0.94238 -0.17589 -0.28459
   412   412  0.97103 -0.12563 -0.20328
   413   413  0.98967 -0.07538 -0.12197
   414   414  0.99886 -0.02513 -0.04066
   415   415  0.86327  0.17179  0.47461
   416   416  0.86578  0.07046  0.49544
   417   417  0.85942 -0.02798  0.51050
   418   418  0.84497 -0.12379  0.52030
   419   419  0.82286 -0.21711  0.52513
   420   420  0.15541  0.90499  0.39604
   421   421  0.25806  0.87350  0.41280
   422   422  0.22137  0.92400  0.31179
   423   423  0.35436  0.83327  0.42437
   424   424  0.31781  0.88919  0.32915
   425   425  0.28261  0.93202  0.22688
   426   426  0.44482  0.78501  0.43116
   427   427  0.41651  0.84434  0.33704
   428   428  0.38172  0.89223  0.24127
   429   429  0.33954  0.92991  0.14136
   430   430  0.52971  0.72909  0.43340
   431   431  0.50872  0.79055  0.34092
   432   432  0.47767  0.84284  0.24790
   433   433  0.44014  0.88495  0.15213
   434   434  0.39234  0.91816  0.05526
   435   435  0.60913  0.66563  0.43116
   436   436  0.59466  0.72812  0.34092
   437   437  0.56921  0.78346  0.24938
   438   438  0.53534  0.83008  0.15613
   439   439  0.49325  0.86769  0.06178
   440   440  0.44109  0.89691 -0.03141
   441   441  0.68299  0.59451  0.42437
   442   442  0.67431  0.65705  0.33704
   443   443  0.65398  0.71474  0.24790
   444   444  0.62402  0.76565  0.15613
   445   445  0.58664  0.80743  0.06251
   446   446  0.54105  0.84046 -0.02979
   447   447  0.48572  0.86602 -0.11866
   448   448  0.75100  0.51536  0.41280
   449   449  0.74746  0.57703  0.32915
   450   450  0.73060  0.63875  0.24127
   451   451  0.70562  0.69206  0.15213
   452   452  0.67280  0.73724  0.06178
   453   453  0.63213  0.77429 -0.02979
   454   454  0.58335  0.80291 -0.12262
   455   455  0.52602  0.82502 -0.20652
   456   456  0.81267  0.42746  0.39604
   457   457  0.81038  0.49606  0.31179
   458   458  0.79907  0.55679  0.22688
   459   459  0.77947  0.61028  0.14136
   460   460  0.75198  0.65687  0.05526
   461   461  0.71671  0.69666 -0.03141
   462   462  0.67354  0.72956 -0.11866
   463   463  0.62209  0.75522 -0.20652
   464   464  0.56162  0.77300 -0.29504
   465   465  0.86327  0.34768  0.36590
   466   466  0.86578  0.41162  0.28459
   467   467  0.85942  0.46912  0.20328
   468   468  0.84496  0.52073  0.12197
   469   469  0.82286  0.56679  0.04066
   470   470  0.49404  0.78870 -0.36590
   471   471  0.45849  0.84190 -0.28459
   472   472  0.41955  0.88468 -0.20328
   473   473  0.37752  0.91794 -0.12197
   474   474  0.33256  0.94221 -0.04066
   475   475  0.10339  0.87410  0.47461
   476   476  0.20053  0.84518  0.49544
   477   477  0.29218  0.80871  0.51050
   478   478  0.37884  0.76536  0.52030
   479   479  0.46076  0.71550  0.52513
   480   480 -0.81267  0.42746  0.39604
   481   481 -0.75100  0.51536  0.41280
   482   482 -0.81038  0.49606  0.31179
   483   483 -0.68299  0.59451  0.42437
   484   484 -0.74746  0.57703  0.32915
   485   485 -0.79907  0.55679  0.22688
   486   486 -0.60913  0.66563  0.43116
   487   487 -0.67431  0.65705  0.33704
   488   488 -0.73060  0.63875  0.24127
   489   489 -0.77947  0.61028  0.14136
   490   490 -0.52971  0.72909  0.43340
   491   491 -0.59466  0.72812  0.34092
   492   492 -0.65398  0.71474  0.24790
   493   493 -0.70562  0.69206  0.15213
   494   494 -0.75198  0.65687  0.05526
   495   495 -0.44482  0.78501  0.43116
   496   496 -0.50872  0.79055  0.34092
   497   497 -0.56921  0.78346  0.24938
   498   498 -0.62402  0.76565  0.15613
   499   499 -0.67280  0.73724  0.06178
   500   500 -0.71671  0.69666 -0.03141
   501   501 -0.35436  0.83327  0.42437
   502   502 -0.41651  0.84435  0.33704
   503   503 -0.47767  0.84284  0.24790
   504   504 -0.53534  0.83008  0.15613
   505   505 -0.58664  0.80743  0.06251
   506   506 -0.63213  0.77429 -0.02979
   507   507 -0.67354  0.72956 -0.11866
   508   508 -0.25806  0.87350  0.41280
   509   509 -0.31781  0.88919  0.32915
   510   510 -0.38172  0.89223  0.24127
   511   511 -0.44014  0.88495  0.15213
   512   512 -0.49325  0.86769  0.06178
   513   513 -0.54105  0.84046 -0.02979
   514   514 -0.58335  0.80291 -0.12262
   515   515 -0.62209  0.75522 -0.20652
   516   516 -0.15541  0.90499  0.39604
   517   517 -0.22137  0.92400  0.31179
   518   518 -0.28261  0.93202  0.22688
   519   519 -0.33954  0.92991  0.14136
   520   520 -0.39234  0.91816  0.05526
   521   521 -0.44109  0.89691 -0.03141
   522   522 -0.48572  0.86602 -0.11866
   523   523 -0.52602  0.82502 -0.20652
   524   524 -0.56162  0.77300 -0.29504
   525   525 -0.06390  0.92846  0.36590
   526   526 -0.12393  0.95060  0.28459
   527   527 -0.18058  0.96232  0.20328
   528   528 -0.23413  0.96452  0.12197
   529   529 -0.28477  0.95773  0.04066
   530   530 -0.59743  0.71358 -0.36590
   531   531 -0.65901  0.69621 -0.28459
   532   532 -0.71173  0.67240 -0.20328
   533   533 -0.75635  0.64270 -0.12197
   534   534 -0.79332  0.60744 -0.04066
   535   535 -0.79937  0.36844  0.47461
   536   536 -0.74185  0.45189  0.49544
   537   537 -0.67884  0.52779  0.51050
   538   538 -0.61083  0.59680  0.52030
   539   539 -0.53809  0.65931  0.52513
   540   540 -0.65767 -0.64080  0.39604
   541   541 -0.72220 -0.55499  0.41280
   542   542 -0.72220 -0.61742  0.31179
   543   543 -0.77647 -0.46584  0.42437
   544   544 -0.77976 -0.53257  0.32915
   545   545 -0.77647 -0.58790  0.22688
   546   546 -0.82128 -0.37363  0.43116
   547   547 -0.83326 -0.43827  0.33704
   548   548 -0.83326 -0.49746  0.24127
   549   549 -0.82128 -0.55274  0.14136
   550   550 -0.85709 -0.27849  0.43340
   551   551 -0.87624 -0.34055  0.34092
   552   552 -0.88185 -0.40110  0.24790
   553   553 -0.87624 -0.45723  0.15213
   554   554 -0.85709 -0.51219  0.05526
   555   555 -0.88404 -0.18047  0.43116
   556   556 -0.90906 -0.23953  0.34092
   557   557 -0.92101 -0.29925  0.24938
   558   558 -0.92101 -0.35688  0.15613
   559   559 -0.90906 -0.41205  0.06178
   560   560 -0.88404 -0.46635 -0.03141
   561   561 -0.90199 -0.07952  0.42437
   562   562 -0.93173 -0.13521  0.33704
   563   563 -0.94920 -0.19384  0.24790
   564   564 -0.95488 -0.25263  0.15613
   565   565 -0.94920 -0.30841  0.06251
   566   566 -0.93173 -0.36193 -0.02979
   567   567 -0.90199 -0.41513 -0.11866
   568   568 -0.91049  0.02450  0.41280
   569   569 -0.94388 -0.02748  0.32915
   570   570 -0.96652 -0.08733  0.24127
   571   571 -0.97765 -0.14514  0.15213
   572   572 -0.97765 -0.20098  0.06178
   573   573 -0.96652 -0.25485 -0.02979
   574   574 -0.94388 -0.30669 -0.12262
   575   575 -0.91049 -0.35827 -0.20652
   576   576 -0.90872  0.13185  0.39604
   577   577 -0.94719  0.07500  0.31179
   578   578 -0.97373  0.01923  0.22688
   579   579 -0.98932 -0.03556  0.14136
   580   580 -0.99446 -0.08941  0.05526
   581   581 -0.98932 -0.14234 -0.03141
   582   582 -0.97373 -0.19433 -0.11866
   583   583 -0.94719 -0.24533 -0.20652
   584   584 -0.90872 -0.29526 -0.29504
   585   585 -0.90276  0.22614  0.36590
   586   586 -0.94238  0.17589  0.28459
   587   587 -0.97103  0.12563  0.20328
   588   588 -0.98967  0.07538  0.12197
   589   589 -0.99886  0.02513  0.04066
   590   590 -0.86327 -0.34768 -0.36590
   591   591 -0.86578 -0.41162 -0.28459
   592   592 -0.85942 -0.46912 -0.20328
   593   593 -0.84497 -0.52073 -0.12197
   594   594 -0.82286 -0.56679 -0.04066
   595   595 -0.59743 -0.64640  0.47461
   596   596 -0.65901 -0.56590  0.49544
   597   597 -0.71173 -0.48252  0.51050
   598   598 -0.75635 -0.39651  0.52030
   599   599 -0.79332 -0.30802  0.52513
   600   600  0.56162 -0.77300  0.29504
   601   601  0.52602 -0.82502  0.20652
   602   602  0.62209 -0.75522  0.20652
   603   603  0.48572 -0.86602  0.11866
   604   604  0.58335 -0.80291  0.12262
   605   605  0.67354 -0.72956  0.11866
   606   606  0.44109 -0.89691  0.03141
   607   607  0.54105 -0.84046  0.02979
   608   608  0.63213 -0.77429  0.02979
   609   609  0.71671 -0.69666  0.03141
   610   610  0.39234 -0.91816 -0.05526
   611   611  0.49325 -0.86769 -0.06178
   612   612  0.58664 -0.80743 -0.06251
   613   613  0.67280 -0.73724 -0.06178
   614   614  0.75198 -0.65687 -0.05526
   615   615  0.33954 -0.92991 -0.14136
   616   616  0.44014 -0.88495 -0.15213
   617   617  0.53534 -0.83008 -0.15613
   618   618  0.62402 -0.76565 -0.15613
   619   619  0.70562 -0.69206 -0.15213
   620   620  0.77947 -0.61028 -0.14136
   621   621  0.28261 -0.93202 -0.22688
   622   622  0.38172 -0.89223 -0.24127
   623   623  0.47767 -0.84284 -0.24789
   624   624  0.56921 -0.78346 -0.24938
   625   625  0.65398 -0.71474 -0.24789
   626   626  0.73060 -0.63875 -0.24127
   627   627  0.79907 -0.55679 -0.22688
   628   628  0.22137 -0.92400 -0.31179
   629   629  0.31781 -0.88919 -0.32915
   630   630  0.41651 -0.84435 -0.33704
   631   631  0.50872 -0.79055 -0.34092
   632   632  0.59466 -0.72812 -0.34092
   633   633  0.67431 -0.65705 -0.33704
   634   634  0.74746 -0.57703 -0.32915
   635   635  0.81038 -0.49606 -0.31179
   636   636  0.15541 -0.90499 -0.39604
   637   637  0.25806 -0.87350 -0.41280
   638   638  0.35436 -0.83327 -0.42437
   639   639  0.44482 -0.78501 -0.43116
   640   640  0.52971 -0.72909 -0.43340
   641   641  0.60913 -0.66563 -0.43116
   642   642  0.68299 -0.59451 -0.42437
   643   643  0.75100 -0.51536 -0.41280
   644   644  0.81267 -0.42746 -0.39604
   645   645  0.10339 -0.87410 -0.47461
   646   646  0.20053 -0.84518 -0.49544
   647   647  0.29218 -0.80871 -0.51050
   648   648  0.37884 -0.76536 -0.52030
   649   649  0.46076 -0.71550 -0.52513
   650   650  0.86327 -0.34768 -0.36590
   651   651  0.86578 -0.41162 -0.28459
   652   652  0.85942 -0.46912 -0.20328
   653   653  0.84496 -0.52073 -0.12197
   654   654  0.82286 -0.56679 -0.04066
   655   655  0.49404 -0.78870  0.36590
   656   656  0.45849 -0.84190  0.28459
   657   657  0.41955 -0.88468  0.20328
   658   658  0.37752 -0.91794  0.12197
   659   659  0.33256 -0.94220  0.04066
   660   660  0.90872  0.29526  0.29504
   661   661  0.94719  0.24533  0.20652
   662   662  0.91049  0.35827  0.20652
   663   663  0.97373  0.19433  0.11866
   664   664  0.94388  0.30668  0.12262
   665   665  0.90199  0.41513  0.11866
   666   666  0.98932  0.14234  0.03141
   667   667  0.96652  0.25485  0.02979
   668   668  0.93173  0.36193  0.02979
   669   669  0.88404  0.46635  0.03141
   670   670  0.99446  0.08941 -0.05526
   671   671  0.97765  0.20098 -0.06178
   672   672  0.94920  0.30841 -0.06251
   673   673  0.90906  0.41205 -0.06178
   674   674  0.85709  0.51219 -0.05526
   675   675  0.98932  0.03556 -0.14136
   676   676  0.97765  0.14514 -0.15213
   677   677  0.95488  0.25263 -0.15613
   678   678  0.92101  0.35688 -0.15613
   679   679  0.87624  0.45723 -0.15213
   680   680  0.82128  0.55274 -0.14136
   681   681  0.97373 -0.01923 -0.22688
   682   682  0.96652  0.08733 -0.24127
   683   683  0.94920  0.19384 -0.24789
   684   684  0.92101  0.29925 -0.24938
   685   685  0.88185  0.40110 -0.24789
   686   686  0.83326  0.49746 -0.24127
   687   687  0.77647  0.58790 -0.22688
   688   688  0.94719 -0.07500 -0.31179
   689   689  0.94388  0.02748 -0.32915
   690   690  0.93173  0.13521 -0.33704
   691   691  0.90906  0.23953 -0.34092
   692   692  0.87624  0.34055 -0.34092
   693   693  0.83326  0.43827 -0.33704
   694   694  0.77976  0.53257 -0.32915
   695   695  0.72220  0.61742 -0.31179
   696   696  0.90872 -0.13185 -0.39604
   697   697  0.91049 -0.02450 -0.41280
   698   698  0.90199  0.07952 -0.42437
   699   699  0.88404  0.18047 -0.43116
   700   700  0.85709  0.27849 -0.43340
   701   701  0.82128  0.37363 -0.43116
   702   702  0.77647  0.46584 -0.42437
   703   703  0.72220  0.55499 -0.41280
   704   704  0.65767  0.64080 -0.39604
   705   705  0.86327 -0.17179 -0.47461
   706   706  0.86578 -0.07046 -0.49544
   707   707  0.85942  0.02798 -0.51050
   708   708  0.84497  0.12379 -0.52030
   709   709  0.82286  0.21711 -0.52513
   710   710  0.59743  0.71358 -0.36590
   711   711  0.65901  0.69621 -0.28459
   712   712  0.71173  0.67239 -0.20328
   713   713  0.75635  0.64270 -0.12197
   714   714  0.79332  0.60744 -0.04066
   715   715  0.90276  0.22614  0.36590
   716   716  0.94238  0.17589  0.28459
   717   717  0.97103  0.12563  0.20328
   718   718  0.98967  0.07538  0.12197
   719   719  0.99886  0.02513  0.04066
   720   720 -0.00000  0.95548  0.29504
   721   721  0.05937  0.97664  0.20652
   722   722 -0.05937  0.97664  0.20652
   723   723  0.11608  0.98613  0.11866
   724   724 -0.00000  0.99245  0.12262
   725   725 -0.11608  0.98613  0.11866
   726   726  0.17034  0.98488  0.03141
   727   727  0.05629  0.99797  0.02979
   728   728 -0.05629  0.99797  0.02979
   729   729 -0.17034  0.98488  0.03141
   730   730  0.22227  0.97342 -0.05526
   731   731  0.11097  0.99190 -0.06178
   732   732 -0.00000  0.99804 -0.06251
   733   733 -0.11097  0.99190 -0.06178
   734   734 -0.22227  0.97342 -0.05526
   735   735  0.27189  0.95189 -0.14136
   736   736  0.16408  0.97465 -0.15213
   737   737  0.05481  0.98621 -0.15613
   738   738 -0.05481  0.98621 -0.15613
   739   739 -0.16408  0.97465 -0.15213
   740   740 -0.27189  0.95189 -0.14136
   741   741  0.31919  0.92013 -0.22688
   742   742  0.21562  0.94620 -0.24127
   743   743  0.10896  0.96264 -0.24789
   744   744 -0.00000  0.96841 -0.24938
   745   745 -0.10896  0.96264 -0.24789
   746   746 -0.21562  0.94620 -0.24127
   747   747 -0.31919  0.92013 -0.22688
   748   748  0.36403  0.87765 -0.31179
   749   749  0.26554  0.90617 -0.32915
   750   750  0.15933  0.92791 -0.33704
   751   751  0.05311  0.93859 -0.34092
   752   752 -0.05311  0.93859 -0.34092
   753   753 -0.15933  0.92791 -0.33704
   754   754 -0.26554  0.90617 -0.32915
   755   755 -0.36403  0.87765 -0.31179
   756   756  0.40621  0.82350 -0.39604
   757   757  0.30465  0.85836 -0.41280
   758   758  0.20310  0.88242 -0.42437
   759   759  0.10155  0.89654 -0.43116
   760   760 -0.00000  0.90120 -0.43340
   761   761 -0.10155  0.89654 -0.43116
   762   762 -0.20310  0.88242 -0.42437
   763   763 -0.30465  0.85836 -0.41280
   764   764 -0.40621  0.82350 -0.39604
   765   765  0.43014  0.76793 -0.47461
   766   766  0.33456  0.80163 -0.49544
   767   767  0.23897  0.82601 -0.51050
   768   768  0.14338  0.84186 -0.52030
   769   769  0.04779  0.84968 -0.52513
   770   770 -0.49404  0.78870 -0.36590
   771   771 -0.45849  0.84190 -0.28459
   772   772 -0.41955  0.88468 -0.20328
   773   773 -0.37751  0.91794 -0.12197
   774   774 -0.33256  0.94221 -0.04066
   775   775  0.06390  0.92846  0.36590
   776   776  0.12393  0.95060  0.28459
   777   777  0.18058  0.96232  0.20328
   778   778  0.23413  0.96452  0.12197
   779   779  0.28477  0.95773  0.04066
   780   780 -0.90872  0.29526  0.29504
   781   781 -0.91049  0.35827  0.20652
   782   782 -0.94719  0.24533  0.20652
   783   783 -0.90199  0.41513  0.11866
   784   784 -0.94388  0.30668  0.12262
   785   785 -0.97373  0.19433  0.11866
   786   786 -0.88404  0.46635  0.03141
   787   787 -0.93173  0.36193  0.02979
   788   788 -0.96652  0.25485  0.02979
   789   789 -0.98932  0.14234  0.03141
   790   790 -0.85709  0.51219 -0.05526
   791   791 -0.90906  0.41205 -0.06178
   792   792 -0.94920  0.30841 -0.06251
   793   793 -0.97765  0.20098 -0.06178
   794   794 -0.99446  0.08941 -0.05526
   795   795 -0.82128  0.55274 -0.14136
   796   796 -0.87624  0.45723 -0.15213
   797   797 -0.92101  0.35688 -0.15613
   798   798 -0.95488  0.25263 -0.15613
   799   799 -0.97765  0.14514 -0.15213
   800   800 -0.98932  0.03556 -0.14136
   801   801 -0.77647  0.58790 -0.22688
   802   802 -0.83326  0.49746 -0.24127
   803   803 -0.88185  0.40110 -0.24789
   804   804 -0.92101  0.29925 -0.24938
   805   805 -0.94920  0.19384 -0.24789
   806   806 -0.96652  0.08733 -0.24127
   807   807 -0.97373 -0.01923 -0.22688
   808   808 -0.72220  0.61742 -0.31179
   809   809 -0.77976  0.53257 -0.32915
   810   810 -0.83326  0.43827 -0.33704
   811   811 -0.87624  0.34055 -0.34092
   812   812 -0.90906  0.23953 -0.34092
   813   813 -0.93173  0.13521 -0.33704
   814   814 -0.94388  0.02748 -0.32915
   815   815 -0.94719 -0.07500 -0.31179
   816   816 -0.65767  0.64080 -0.39604
   817   817 -0.72221  0.55499 -0.41280
   818   818 -0.77647  0.46584 -0.42437
   819   819 -0.82128  0.37363 -0.43116
   820   820 -0.85709  0.27849 -0.43340
   821   821 -0.88404  0.18046 -0.43116
   822   822 -0.90199  0.07952 -0.42437
   823   823 -0.91049 -0.02450 -0.41280
   824   824 -0.90872 -0.13185 -0.39604
   825   825 -0.59743  0.64640 -0.47461
   826   826 -0.65902  0.56590 -0.49544
   827   827 -0.71173  0.48252 -0.51050
   828   828 -0.75635  0.39651 -0.52030
   829   829 -0.79332  0.30802 -0.52513
   830   830 -0.90276 -0.22614 -0.36590
   831   831 -0.94238 -0.17589 -0.28459
   832   832 -0.97103 -0.12563 -0.20328
   833   833 -0.98967 -0.07538 -0.12197
   834   834 -0.99886 -0.02513 -0.04066
   835   835 -0.86327  0.34768  0.36590
   836   836 -0.86578  0.41162  0.28459
   837   837 -0.85942  0.46912  0.20328
   838   838 -0.84497  0.52073  0.12197
   839   839 -0.82286  0.56679  0.04066
   840   840 -0.56162 -0.77300  0.29504
   841   841 -0.62209 -0.75522  0.20652
   842   842 -0.52602 -0.82502  0.20652
   843   843 -0.67354 -0.72956  0.11866
   844   844 -0.58335 -0.80291  0.12262
   845   845 -0.48572 -0.86602  0.11866
   846   846 -0.71671 -0.69666  0.03141
   847   847 -0.63213 -0.77429  0.02979
   848   848 -0.54105 -0.84046  0.02979
   849   849 -0.44109 -0.89691  0.03141
   850   850 -0.75198 -0.65687 -0.05526
   851   851 -0.67280 -0.73724 -0.06178
   852   852 -0.58664 -0.80743 -0.06251
   853   853 -0.49325 -0.86769 -0.06178
   854   854 -0.39234 -0.91816 -0.05526
   855   855 -0.77947 -0.61028 -0.14136
   856   856 -0.70562 -0.69206 -0.15213
   857   857 -0.62402 -0.76565 -0.15613
   858   858 -0.53534 -0.83008 -0.15613
   859   859 -0.44014 -0.88495 -0.15213
   860   860 -0.33954 -0.92991 -0.14136
   861   861 -0.79907 -0.55679 -0.22688
   862   862 -0.73060 -0.63875 -0.24127
   863   863 -0.65398 -0.71474 -0.24789
   864   864 -0.56921 -0.78346 -0.24938
   865   865 -0.47767 -0.84284 -0.24789
   866   866 -0.38172 -0.89223 -0.24127
   867   867 -0.28261 -0.93202 -0.22688
   868   868 -0.81038 -0.49606 -0.31179
   869   869 -0.74746 -0.57703 -0.32915
   870   870 -0.67431 -0.65705 -0.33704
   871   871 -0.59466 -0.72812 -0.34092
   872   872 -0.50872 -0.79055 -0.34092
   873   873 -0.41651 -0.84435 -0.33704
   874   874 -0.31781 -0.88919 -0.32915
   875   875 -0.22137 -0.92401 -0.31179
   876   876 -0.81267 -0.42746 -0.39604
   877   877 -0.75100 -0.51536 -0.41280
   878   878 -0.68299 -0.59451 -0.42437
   879   879 -0.60913 -0.66563 -0.43116
   880   880 -0.52971 -0.72909 -0.43340
   881   881 -0.44482 -0.78501 -0.43116
   882   882 -0.35436 -0.83327 -0.42437
   883   883 -0.25806 -0.87350 -0.41280
   884   884 -0.15541 -0.90499 -0.39604
   885   885 -0.79937 -0.36844 -0.47461
   886   886 -0.74185 -0.45189 -0.49544
   887   887 -0.67884 -0.52779 -0.51050
   888   888 -0.61083 -0.59680 -0.52030
   889   889 -0.53809 -0.65931 -0.52513
   890   890 -0.06390 -0.92846 -0.36590
   891   891 -0.12393 -0.95060 -0.28459
   892   892 -0.18058 -0.96232 -0.20328
   893   893 -0.23413 -0.96452 -0.12197
   894   894 -0.28477 -0.95773 -0.04066
   895   895 -0.59743 -0.71358  0.36590
   896   896 -0.65901 -0.69621  0.28459
   897   897 -0.71173 -0.67240  0.20328
   898   898 -0.75635 -0.64270  0.12197
   899   899 -0.79332 -0.60744  0.04066
   900   900  0.75331 -0.34576 -0.55945
   901   901  0.68913 -0.43019 -0.58313
   902   902  0.68913 -0.32918 -0.64556
   903   903  0.61938 -0.50696 -0.59947
   904   904  0.62607 -0.40995 -0.66331
   905   905  0.61938 -0.30947 -0.72153
   906   906  0.54450 -0.57667 -0.60907
   907   907  0.55001 -0.48596 -0.67922
   908   908  0.55001 -0.39018 -0.73841
   909   909  0.54450 -0.28687 -0.78818
   910   910  0.46475 -0.63967 -0.61223
   911   911  0.46892 -0.55506 -0.68704
   912   912  0.47153 -0.46362 -0.75015
   913   913  0.46892 -0.36627 -0.80371
   914   914  0.46475 -0.26153 -0.84594
   915   915  0.38019 -0.69606 -0.60907
   916   916  0.38299 -0.61750 -0.68704
   917   917  0.38567 -0.53083 -0.75464
   918   918  0.38567 -0.43758 -0.81227
   919   919  0.38299 -0.33835 -0.85956
   920   920  0.38019 -0.23348 -0.89495
   921   921  0.29075 -0.74572 -0.59947
   922   922  0.29221 -0.67326 -0.67922
   923   923  0.29522 -0.59171 -0.75015
   924   924  0.29699 -0.50201 -0.81227
   925   925  0.29522 -0.40633 -0.86472
   926   926  0.29221 -0.30642 -0.90593
   927   927  0.29075 -0.20269 -0.93508
   928   928  0.19618 -0.78833 -0.58313
   929   929  0.19641 -0.72211 -0.66331
   930   930  0.20113 -0.64366 -0.73841
   931   931  0.20344 -0.55916 -0.80371
   932   932  0.20344 -0.46880 -0.85956
   933   933  0.20113 -0.37260 -0.90593
   934   934  0.19642 -0.27034 -0.94252
   935   935  0.19619 -0.16901 -0.96589
   936   936  0.09605 -0.82328 -0.55945
   937   937  0.10012 -0.75712 -0.64556
   938   938  0.10292 -0.68469 -0.72153
   939   939  0.10457 -0.60650 -0.78818
   940   940  0.10511 -0.52282 -0.84594
   941   941  0.10457 -0.43373 -0.89495
   942   942  0.10292 -0.33915 -0.93508
   943   943  0.10012 -0.23881 -0.96589
   944   944  0.09605 -0.13220 -0.98656
   945   945  0.00000 -0.84051 -0.54179
   946   946  0.00000 -0.78003 -0.62575
   947   947  0.00000 -0.71378 -0.70037
   948   948  0.00000 -0.64227 -0.76648
   949   949  0.00000 -0.56579 -0.82455
   950   950  0.10339 -0.03359 -0.99407
   951   951  0.20053 -0.06516 -0.97752
   952   952  0.29218 -0.09494 -0.95164
   953   953  0.37884 -0.12309 -0.91724
   954   954  0.46076 -0.14971 -0.87481
   955   955  0.79937 -0.36844 -0.47461
   956   956  0.74185 -0.45189 -0.49544
   957   957  0.67884 -0.52779 -0.51050
   958   958  0.61083 -0.59680 -0.52030
   959   959  0.53809 -0.65931 -0.52513
   960   960  0.56162  0.60959 -0.55945
   961   961  0.62209  0.52246 -0.58313
   962   962  0.52602  0.55368 -0.64556
   963   963  0.67354  0.43240 -0.59947
   964   964  0.58335  0.46875 -0.66331
   965   965  0.48572  0.49343 -0.72153
   966   966  0.71671  0.33965 -0.60907
   967   967  0.63213  0.37292 -0.67922
   968   968  0.54105  0.40251 -0.73841
   969   969  0.44109  0.42921 -0.78818
   970   970  0.75198  0.24433 -0.61223
   971   971  0.67280  0.27445 -0.68704
   972   972  0.58664  0.30518 -0.75015
   973   973  0.49325  0.33279 -0.80371
   974   974  0.39234  0.36119 -0.84594
   975   975  0.77947  0.14649 -0.60907
   976   976  0.70562  0.17343 -0.68704
   977   977  0.62402  0.20276 -0.75464
   978   978  0.53534  0.23157 -0.81227
   979   979  0.44014  0.25969 -0.85956
   980   980  0.33954  0.28943 -0.89495
   981   981  0.79907  0.04608 -0.59947
   982   982  0.73060  0.06986 -0.67922
   983   983  0.65398  0.09792 -0.75015
   984   984  0.56921  0.12732 -0.81227
   985   985  0.47767  0.15521 -0.86472
   986   986  0.38172  0.18322 -0.90593
   987   987  0.28261  0.21388 -0.93508
   988   988  0.81038 -0.05703 -0.58313
   989   989  0.74746 -0.03634 -0.66331
   990   990  0.67431 -0.00762 -0.73841
   991   991  0.59466  0.02070 -0.80371
   992   992  0.50872  0.04862 -0.85956
   993   993  0.41651  0.07614 -0.90593
   994   994  0.31781  0.10326 -0.94252
   995   995  0.22137  0.13436 -0.96589
   996   996  0.81267 -0.16306 -0.55945
   997   997  0.75100 -0.13875 -0.64556
   998   998  0.68299 -0.11370 -0.72153
   999   999  0.60913 -0.08797 -0.78818
  1000  1000  0.52971 -0.06159 -0.84594
  1001  1001  0.44482 -0.03458 -0.89495
  1002  1002  0.35436 -0.00692 -0.93508
  1003  1003  0.25806  0.02142 -0.96589
  1004  1004  0.15541  0.05050 -0.98656
  1005  1005  0.79937 -0.25973 -0.54179
  1006  1006  0.74185 -0.24104 -0.62575
  1007  1007  0.67884 -0.22057 -0.70037
  1008  1008  0.61083 -0.19847 -0.76648
  1009  1009  0.53810 -0.17484 -0.82455
  1010  1010  0.06390  0.08795 -0.99407
  1011  1011  0.12393  0.17058 -0.97752
  1012  1012  0.18058  0.24855 -0.95164
  1013  1013  0.23413  0.32226 -0.91724
  1014  1014  0.28477  0.39195 -0.87481
  1015  1015  0.59743  0.64640 -0.47461
  1016  1016  0.65901  0.56590 -0.49544
  1017  1017  0.71173  0.48252 -0.51050
  1018  1018  0.75635  0.39651 -0.52030
  1019  1019  0.79332  0.30802 -0.52513
  1020  1020 -0.40621  0.72251 -0.55945
  1021  1021 -0.30465  0.75309 -0.58313
  1022  1022 -0.36403  0.67137 -0.64556
  1023  1023 -0.20310  0.77420 -0.59947
  1024  1024 -0.26554  0.69965 -0.66331
  1025  1025 -0.31919  0.61442 -0.72153
  1026  1026 -0.10155  0.78659 -0.60907
  1027  1027 -0.15933  0.71643 -0.67922
  1028  1028 -0.21562  0.63895 -0.73841
  1029  1029 -0.27189  0.55213 -0.78818
  1030  1030 -0.00000  0.79068 -0.61223
  1031  1031 -0.05311  0.72468 -0.68704
  1032  1032 -0.10896  0.65223 -0.75015
  1033  1033 -0.16408  0.57195 -0.80371
  1034  1034 -0.22227  0.48475 -0.84594
  1035  1035  0.10155  0.78659 -0.60907
  1036  1036  0.05311  0.72468 -0.68704
  1037  1037 -0.00000  0.65614 -0.75464
  1038  1038 -0.05481  0.58070 -0.81227
  1039  1039 -0.11097  0.49885 -0.85956
  1040  1040 -0.17034  0.41236 -0.89495
  1041  1041  0.20310  0.77420 -0.59947
  1042  1042  0.15933  0.71643 -0.67922
  1043  1043  0.10896  0.65223 -0.75015
  1044  1044  0.05481  0.58070 -0.81227
  1045  1045 -0.00000  0.50225 -0.86472
  1046  1046 -0.05629  0.41966 -0.90593
  1047  1047 -0.11608  0.33488 -0.93508
  1048  1048  0.30465  0.75309 -0.58313
  1049  1049  0.26554  0.69965 -0.66331
  1050  1050  0.21562  0.63895 -0.73841
  1051  1051  0.16408  0.57195 -0.80371
  1052  1052  0.11097  0.49885 -0.85956
  1053  1053  0.05629  0.41966 -0.90593
  1054  1054 -0.00000  0.33416 -0.94252
  1055  1055 -0.05937  0.25205 -0.96589
  1056  1056  0.40621  0.72251 -0.55945
  1057  1057  0.36403  0.67137 -0.64556
  1058  1058  0.31919  0.61442 -0.72153
  1059  1059  0.27189  0.55213 -0.78818
  1060  1060  0.22227  0.48475 -0.84594
  1061  1061  0.17034  0.41236 -0.89495
  1062  1062  0.11608  0.33488 -0.93508
  1063  1063  0.05937  0.25205 -0.96589
  1064  1064 -0.00000  0.16341 -0.98656
  1065  1065  0.49404  0.67999 -0.54179
  1066  1066  0.45849  0.63106 -0.62575
  1067  1067  0.41955  0.57746 -0.70037
  1068  1068  0.37751  0.51961 -0.76648
  1069  1069  0.33256  0.45773 -0.82455
  1070  1070 -0.06390  0.08795 -0.99407
  1071  1071 -0.12393  0.17058 -0.97752
  1072  1072 -0.18058  0.24855 -0.95164
  1073  1073 -0.23413  0.32226 -0.91724
  1074  1074 -0.28477  0.39195 -0.87481
  1075  1075 -0.43014  0.76793 -0.47461
  1076  1076 -0.33456  0.80163 -0.49544
  1077  1077 -0.23897  0.82601 -0.51050
  1078  1078 -0.14338  0.84186 -0.52030
  1079  1079 -0.04779  0.84968 -0.52513
  1080  1080 -0.81267 -0.16306 -0.55945
  1081  1081 -0.81038 -0.05703 -0.58313
  1082  1082 -0.75100 -0.13875 -0.64556
  1083  1083 -0.79907  0.04608 -0.59947
  1084  1084 -0.74746 -0.03634 -0.66331
  1085  1085 -0.68299 -0.11370 -0.72153
  1086  1086 -0.77947  0.14649 -0.60907
  1087  1087 -0.73060  0.06986 -0.67922
  1088  1088 -0.67431 -0.00762 -0.73841
  1089  1089 -0.60913 -0.08797 -0.78818
  1090  1090 -0.75198  0.24433 -0.61223
  1091  1091 -0.70562  0.17343 -0.68704
  1092  1092 -0.65398  0.09792 -0.75015
  1093  1093 -0.59466  0.02070 -0.80371
  1094  1094 -0.52971 -0.06159 -0.84594
  1095  1095 -0.71671  0.33965 -0.60907
  1096  1096 -0.67280  0.27445 -0.68704
  1097  1097 -0.62402  0.20276 -0.75464
  1098  1098 -0.56922  0.12732 -0.81227
  1099  1099 -0.50872  0.04862 -0.85956
  1100  1100 -0.44482 -0.03458 -0.89495
  1101  1101 -0.67354  0.43240 -0.59947
  1102  1102 -0.63213  0.37292 -0.67922
  1103  1103 -0.58664  0.30518 -0.75015
  1104  1104 -0.53534  0.23157 -0.81227
  1105  1105 -0.47767  0.15520 -0.86472
  1106  1106 -0.41651  0.07614 -0.90593
  1107  1107 -0.35436 -0.00692 -0.93508
  1108  1108 -0.62209  0.52246 -0.58313
  1109  1109 -0.58335  0.46875 -0.66331
  1110  1110 -0.54105  0.40251 -0.73841
  1111  1111 -0.49325  0.33279 -0.80371
  1112  1112 -0.44014  0.25969 -0.85956
  1113  1113 -0.38172  0.18322 -0.90593
  1114  1114 -0.31781  0.10326 -0.94252
  1115  1115 -0.25806  0.02142 -0.96589
  1116  1116 -0.56162  0.60959 -0.55945
  1117  1117 -0.52602  0.55368 -0.64556
  1118  1118 -0.48572  0.49343 -0.72153
  1119  1119 -0.44109  0.42920 -0.78818
  1120  1120 -0.39234  0.36119 -0.84594
  1121  1121 -0.33954  0.28943 -0.89495
  1122  1122 -0.28262  0.21388 -0.93508
  1123  1123 -0.22137  0.13435 -0.96589
  1124  1124 -0.15541  0.05050 -0.98656
  1125  1125 -0.49404  0.67999 -0.54179
  1126  1126 -0.45849  0.63105 -0.62575
  1127  1127 -0.41955  0.57746 -0.70037
  1128  1128 -0.37752  0.51960 -0.76648
  1129  1129 -0.33256  0.45773 -0.82455
  1130  1130 -0.10339 -0.03359 -0.99407
  1131  1131 -0.20053 -0.06515 -0.97752
  1132  1132 -0.29218 -0.09494 -0.95164
  1133  1133 -0.37884 -0.12309 -0.91724
  1134  1134 -0.46076 -0.14971 -0.87481
  1135  1135 -0.86327 -0.17179 -0.47461
  1136  1136 -0.86578 -0.07046 -0.49544
  1137  1137 -0.85942  0.02798 -0.51050
  1138  1138 -0.84497  0.12379 -0.52030
  1139  1139 -0.82286  0.21711 -0.52513
  1140  1140 -0.09605 -0.82328 -0.55945
  1141  1141 -0.19618 -0.78834 -0.58313
  1142  1142 -0.10012 -0.75712 -0.64556
  1143  1143 -0.29075 -0.74572 -0.59947
  1144  1144 -0.19641 -0.72211 -0.66331
  1145  1145 -0.10292 -0.68469 -0.72153
  1146  1146 -0.38019 -0.69606 -0.60907
  1147  1147 -0.29221 -0.67326 -0.67922
  1148  1148 -0.20113 -0.64366 -0.73841
  1149  1149 -0.10457 -0.60650 -0.78818
  1150  1150 -0.46475 -0.63967 -0.61223
  1151  1151 -0.38299 -0.61750 -0.68704
  1152  1152 -0.29522 -0.59171 -0.75015
  1153  1153 -0.20344 -0.55916 -0.80371
  1154  1154 -0.10511 -0.52282 -0.84594
  1155  1155 -0.54450 -0.57667 -0.60907
  1156  1156 -0.46892 -0.55506 -0.68704
  1157  1157 -0.38567 -0.53083 -0.75464
  1158  1158 -0.29699 -0.50201 -0.81227
  1159  1159 -0.20344 -0.46880 -0.85956
  1160  1160 -0.10457 -0.43373 -0.89495
  1161  1161 -0.61938 -0.50696 -0.59947
  1162  1162 -0.55001 -0.48596 -0.67922
  1163  1163 -0.47153 -0.46362 -0.75015
  1164  1164 -0.38567 -0.43758 -0.81227
  1165  1165 -0.29522 -0.40633 -0.86472
  1166  1166 -0.20113 -0.37260 -0.90593
  1167  1167 -0.10292 -0.33915 -0.93508
  1168  1168 -0.68913 -0.43019 -0.58313
  1169  1169 -0.62607 -0.40995 -0.66331
  1170  1170 -0.55001 -0.39019 -0.73841
  1171  1171 -0.46892 -0.36627 -0.80371
  1172  1172 -0.38299 -0.33835 -0.85956
  1173  1173 -0.29221 -0.30642 -0.90593
  1174  1174 -0.19641 -0.27034 -0.94252
  1175  1175 -0.10012 -0.23881 -0.96589
  1176  1176 -0.75331 -0.34576 -0.55945
  1177  1177 -0.68913 -0.32918 -0.64556
  1178  1178 -0.61938 -0.30947 -0.72153
  1179  1179 -0.54450 -0.28687 -0.78818
  1180  1180 -0.46475 -0.26153 -0.84594
  1181  1181 -0.38019 -0.23348 -0.89495
  1182  1182 -0.29075 -0.20269 -0.93508
  1183  1183 -0.19618 -0.16901 -0.96589
  1184  1184 -0.09605 -0.13220 -0.98656
  1185  1185 -0.79937 -0.25973 -0.54179
  1186  1186 -0.74185 -0.24104 -0.62575
  1187  1187 -0.67884 -0.22057 -0.70037
  1188  1188 -0.61083 -0.19847 -0.76648
  1189  1189 -0.53809 -0.17484 -0.82455
  1190  1190 -0.00000 -0.10871 -0.99407
  1191  1191 -0.00000 -0.21085 -0.97752
  1192  1192 -0.00000 -0.30722 -0.95164
  1193  1193 -0.00000 -0.39833 -0.91724
  1194  1194 -0.00000 -0.48448 -0.87481
  1195  1195 -0.10339 -0.87410 -0.47461
  1196  1196 -0.20053 -0.84518 -0.49544
  1197  1197 -0.29218 -0.80871 -0.51050
  1198  1198 -0.37884 -0.76536 -0.52030
  1199  1199 -0.46076 -0.71550 -0.52513
  1200  1200  0.00000  0.00000  1.00000
  1201  1201 -0.00000  0.89443  0.44721
  1202  1202 -0.85065  0.27639  0.44721
  1203  1203 -0.52573 -0.72361  0.44721
  1204  1204  0.52573 -0.72361  0.44721
  1205  1205  0.85065  0.27639  0.44721
  1206  1206 -0.00000 -0.00000 -1.00000
  1207  1207  0.00000 -0.89443 -0.44721
  1208  1208  0.85065 -0.27639 -0.44721
  1209  1209  0.52573  0.72361 -0.44721
  1210  1210 -0.52573  0.72361 -0.44721
  1211  1211 -0.85065 -0.27639 -0.44721
