     0     0  0.00000 -0.26066  0.96543
     1     1 -0.08931 -0.39512  0.91428
     2     2  0.08931 -0.39512  0.91428
     3     3 -0.17371 -0.51503  0.83939
     4     4  0.00000 -0.52537  0.85088
     5     5  0.17371 -0.51503  0.83939
     6     6 -0.25340 -0.62097  0.74174
     7     7 -0.08578 -0.64343  0.76068
     8     8  0.08578 -0.64343  0.76068
     9     9  0.25340 -0.62097  0.74174
    10    10 -0.32817 -0.71235  0.62037
    11    11 -0.16409 -0.74390  0.64784
    12    12  0.00000 -0.75412  0.65674
    13    13  0.16409 -0.74390  0.64784
    14    14  0.32817 -0.71235  0.62037
    15    15 -0.37552 -0.78839  0.48726
    16    16 -0.22531 -0.82878  0.51221
    17    17 -0.07510 -0.84825  0.52425
    18    18  0.47416 -0.65263  0.59097
    19    19  0.41373 -0.56945  0.71032
    20    20  0.34570 -0.47581  0.80876
    21    21 -0.09864 -0.13577  0.98582
    22    22 -0.18841 -0.25933  0.94723
    23    23 -0.27059 -0.37244  0.88773
    24    24  0.24790 -0.08055  0.96543
    25    25  0.34819 -0.20704  0.91428
    26    26  0.40338 -0.03716  0.91428
    27    27  0.43614 -0.32436  0.83939
    28    28  0.49965 -0.16235  0.85088
    29    29  0.54350  0.00605  0.83939
    30    30  0.51227 -0.43289  0.74174
    31    31  0.58543 -0.28041  0.76068
    32    32  0.63845 -0.11725  0.76068
    33    33  0.66888  0.04910  0.74174
    34    34  0.57608 -0.53224  0.62037
    35    35  0.65678 -0.38593  0.64784
    36    36  0.71721 -0.23303  0.65674
    37    37  0.75819 -0.07382  0.64784
    38    38  0.77890  0.09198  0.62037
    39    39  0.63376 -0.60077  0.48726
    40    40  0.71859 -0.47039  0.51221
    41    41  0.78352 -0.33355  0.52425
    42    42  0.76721  0.24928  0.59097
    43    43  0.66943  0.21751  0.71032
    44    44  0.55935  0.18174  0.80876
    45    45  0.09864 -0.13577  0.98582
    46    46  0.18841 -0.25933  0.94723
    47    47  0.27059 -0.37244  0.88773
    48    48  0.15321  0.21088  0.96543
    49    49  0.30450  0.26717  0.91428
    50    50  0.16000  0.37216  0.91428
    51    51  0.44326  0.31456  0.83939
    52    52  0.30880  0.42503  0.85088
    53    53  0.16219  0.51877  0.83939
    54    54  0.57000  0.35343  0.74174
    55    55  0.44760  0.47013  0.76068
    56    56  0.30880  0.57097  0.76068
    57    57  0.16000  0.65132  0.74174
    58    58  0.68421  0.38341  0.62037
    59    59  0.57000  0.50538  0.64784
    60    60  0.44326  0.61009  0.65674
    61    61  0.30450  0.69827  0.64784
    62    62  0.15321  0.76920  0.62037
    63    63  0.76721  0.41710  0.48726
    64    64  0.66943  0.53806  0.51221
    65    65  0.55935  0.64210  0.52425
    66    66  0.00000  0.80669  0.59097
    67    67  0.00000  0.70388  0.71032
    68    68  0.00000  0.58813  0.80876
    69    69  0.15960  0.05186  0.98582
    70    70  0.30486  0.09906  0.94723
    71    71  0.43783  0.14226  0.88773
    72    72 -0.15321  0.21088  0.96543
    73    73 -0.16000  0.37216  0.91428
    74    74 -0.30450  0.26717  0.91428
    75    75 -0.16219  0.51877  0.83939
    76    76 -0.30880  0.42503  0.85088
    77    77 -0.44326  0.31456  0.83939
    78    78 -0.16000  0.65132  0.74174
    79    79 -0.30880  0.57097  0.76068
    80    80 -0.44760  0.47013  0.76068
    81    81 -0.57000  0.35343  0.74174
    82    82 -0.15321  0.76920  0.62037
    83    83 -0.30450  0.69827  0.64784
    84    84 -0.44326  0.61009  0.65674
    85    85 -0.57000  0.50538  0.64784
    86    86 -0.68421  0.38341  0.62037
    87    87 -0.15960  0.85855  0.48726
    88    88 -0.30486  0.80293  0.51221
    89    89 -0.43783  0.73039  0.52425
    90    90 -0.76721  0.24928  0.59097
    91    91 -0.66943  0.21751  0.71032
    92    92 -0.55935  0.18174  0.80876
    93    93 -0.00000  0.16782  0.98582
    94    94 -0.00000  0.32055  0.94723
    95    95 -0.00000  0.46036  0.88773
    96    96 -0.24790 -0.08055  0.96543
    97    97 -0.40338 -0.03716  0.91428
    98    98 -0.34819 -0.20704  0.91428
    99    99 -0.54350  0.00605  0.83939
   100   100 -0.49965 -0.16235  0.85088
   101   101 -0.43614 -0.32436  0.83939
   102   102 -0.66888  0.04910  0.74174
   103   103 -0.63845 -0.11725  0.76068
   104   104 -0.58543 -0.28041  0.76068
   105   105 -0.51228 -0.43289  0.74174
   106   106 -0.77890  0.09198  0.62037
   107   107 -0.75819 -0.07382  0.64784
   108   108 -0.71721 -0.23303  0.65674
   109   109 -0.65678 -0.38593  0.64784
   110   110 -0.57608 -0.53224  0.62037
   111   111 -0.86585  0.11352  0.48726
   112   112 -0.85784 -0.04182  0.51221
   113   113 -0.82994 -0.19069  0.52425
   114   114 -0.47416 -0.65263  0.59097
   115   115 -0.41373 -0.56945  0.71032
   116   116 -0.34570 -0.47581  0.80876
   117   117 -0.15960  0.05186  0.98582
   118   118 -0.30486  0.09905  0.94723
   119   119 -0.43783  0.14226  0.88773
   120   120  0.32817 -0.87345  0.35971
   121   121  0.16409 -0.91212  0.37564
   122   122  0.25340 -0.94114  0.22370
   123   123  0.00000 -0.92466  0.38080
   124   124  0.08578 -0.96813  0.23532
   125   125  0.17371 -0.98110  0.08527
   126   126 -0.16409 -0.91212  0.37564
   127   127 -0.08578 -0.96813  0.23532
   128   128  0.00000 -0.99600  0.08938
   129   129  0.08931 -0.99446 -0.05547
   130   130 -0.32817 -0.87345  0.35971
   131   131 -0.25340 -0.94114  0.22370
   132   132 -0.17371 -0.98110  0.08527
   133   133 -0.08931 -0.99446 -0.05547
   134   134  0.00000 -0.98008 -0.19861
   135   135 -0.47416 -0.82045  0.31944
   136   136 -0.41373 -0.89000  0.19166
   137   137 -0.34570 -0.93617  0.06389
   138   138  0.09864 -0.94246 -0.31944
   139   139  0.18841 -0.96321 -0.19166
   140   140  0.27059 -0.96057 -0.06389
   141   141  0.37552 -0.78839  0.48725
   142   142  0.22531 -0.82878  0.51221
   143   143  0.07510 -0.84825  0.52425
   144   144  0.93211  0.04220  0.35971
   145   145  0.91819 -0.12581  0.37564
   146   146  0.97338 -0.04983  0.22370
   147   147  0.87940 -0.28573  0.38080
   148   148  0.94725 -0.21759  0.23532
   149   149  0.98676 -0.13797  0.08527
   150   150  0.81678 -0.43792  0.37564
   151   151  0.89424 -0.38075  0.23532
   152   152  0.94725 -0.30778  0.08938
   153   153  0.97338 -0.22237 -0.05547
   154   154  0.72929 -0.58202  0.35971
   155   155  0.81678 -0.53182  0.22370
   156   156  0.87940 -0.46838  0.08527
   157   157  0.91819 -0.39224 -0.05547
   158   158  0.93211 -0.30286 -0.19861
   159   159  0.63377 -0.70449  0.31944
   160   160  0.71859 -0.66850  0.19166
   161   161  0.78352 -0.61807  0.06389
   162   162  0.92681 -0.19742 -0.31944
   163   163  0.97429 -0.11845 -0.19166
   164   164  0.99718 -0.03949 -0.06389
   165   165  0.86585  0.11352  0.48725
   166   166  0.85784 -0.04182  0.51221
   167   167  0.82994 -0.19069  0.52425
   168   168  0.24790  0.89953  0.35971
   169   169  0.40338  0.83437  0.37564
   170   170  0.34819  0.91034  0.22370
   171   171  0.54350  0.74806  0.38080
   172   172  0.49965  0.83365  0.23532
   173   173  0.43614  0.89583  0.08527
   174   174  0.66888  0.64148  0.37564
   175   175  0.63845  0.73281  0.23532
   176   176  0.58543  0.80578  0.08938
   177   177  0.51228  0.85703 -0.05547
   178   178  0.77890  0.51374  0.35971
   179   179  0.75819  0.61246  0.22370
   180   180  0.71721  0.69162  0.08527
   181   181  0.65678  0.75204 -0.05547
   182   182  0.57608  0.79290 -0.19861
   183   183  0.86585  0.38505  0.31944
   184   184  0.85784  0.47684  0.19166
   185   185  0.82994  0.55418  0.06389
   186   186  0.47416  0.82044 -0.31944
   187   187  0.41373  0.89000 -0.19166
   188   188  0.34570  0.93617 -0.06389
   189   189  0.15960  0.85855  0.48725
   190   190  0.30486  0.80293  0.51221
   191   191  0.43783  0.73039  0.52425
   192   192 -0.77890  0.51374  0.35971
   193   193 -0.66888  0.64148  0.37564
   194   194 -0.75819  0.61246  0.22370
   195   195 -0.54350  0.74806  0.38080
   196   196 -0.63845  0.73281  0.23532
   197   197 -0.71721  0.69162  0.08527
   198   198 -0.40338  0.83437  0.37564
   199   199 -0.49965  0.83365  0.23532
   200   200 -0.58543  0.80578  0.08938
   201   201 -0.65678  0.75204 -0.05547
   202   202 -0.24790  0.89953  0.35971
   203   203 -0.34819  0.91034  0.22370
   204   204 -0.43614  0.89583  0.08527
   205   205 -0.51228  0.85703 -0.05547
   206   206 -0.57608  0.79290 -0.19861
   207   207 -0.09864  0.94246  0.31944
   208   208 -0.18842  0.96321  0.19166
   209   209 -0.27059  0.96057  0.06389
   210   210 -0.63377  0.70449 -0.31944
   211   211 -0.71859  0.66850 -0.19166
   212   212 -0.78352  0.61807 -0.06389
   213   213 -0.76721  0.41710  0.48725
   214   214 -0.66943  0.53806  0.51221
   215   215 -0.55935  0.64210  0.52425
   216   216 -0.72929 -0.58202  0.35971
   217   217 -0.81678 -0.43792  0.37564
   218   218 -0.81678 -0.53182  0.22370
   219   219 -0.87940 -0.28574  0.38080
   220   220 -0.89424 -0.38075  0.23532
   221   221 -0.87940 -0.46838  0.08527
   222   222 -0.91819 -0.12581  0.37564
   223   223 -0.94725 -0.21759  0.23532
   224   224 -0.94725 -0.30778  0.08938
   225   225 -0.91819 -0.39224 -0.05547
   226   226 -0.93211  0.04220  0.35971
   227   227 -0.97338 -0.04983  0.22370
   228   228 -0.98676 -0.13797  0.08527
   229   229 -0.97338 -0.22237 -0.05547
   230   230 -0.93211 -0.30286 -0.19861
   231   231 -0.92681  0.19742  0.31944
   232   232 -0.97429  0.11845  0.19166
   233   233 -0.99718  0.03948  0.06389
   234   234 -0.86585 -0.38505 -0.31944
   235   235 -0.85784 -0.47684 -0.19166
   236   236 -0.82994 -0.55418 -0.06389
   237   237 -0.63377 -0.60077  0.48725
   238   238 -0.71859 -0.47039  0.51221
   239   239 -0.78352 -0.33355  0.52425
   240   240  0.57608 -0.79290  0.19861
   241   241  0.51228 -0.85703  0.05547
   242   242  0.65678 -0.75204  0.05547
   243   243  0.43614 -0.89583 -0.08527
   244   244  0.58543 -0.80578 -0.08938
   245   245  0.71721 -0.69162 -0.08527
   246   246  0.34819 -0.91034 -0.22370
   247   247  0.49965 -0.83365 -0.23531
   248   248  0.63845 -0.73281 -0.23531
   249   249  0.75819 -0.61246 -0.22370
   250   250  0.24790 -0.89953 -0.35971
   251   251  0.40338 -0.83437 -0.37564
   252   252  0.54350 -0.74806 -0.38080
   253   253  0.66888 -0.64148 -0.37564
   254   254  0.77890 -0.51374 -0.35971
   255   255  0.15960 -0.85855 -0.48725
   256   256  0.30486 -0.80293 -0.51221
   257   257  0.43783 -0.73039 -0.52425
   258   258  0.86585 -0.38505 -0.31944
   259   259  0.85784 -0.47684 -0.19166
   260   260  0.82994 -0.55418 -0.06389
   261   261  0.47416 -0.82044  0.31944
   262   262  0.41373 -0.89000  0.19166
   263   263  0.34570 -0.93617  0.06389
   264   264  0.93211  0.30286  0.19861
   265   265  0.97338  0.22237  0.05547
   266   266  0.91819  0.39224  0.05547
   267   267  0.98676  0.13797 -0.08527
   268   268  0.94725  0.30778 -0.08938
   269   269  0.87940  0.46838 -0.08527
   270   270  0.97338  0.04983 -0.22370
   271   271  0.94725  0.21759 -0.23531
   272   272  0.89424  0.38075 -0.23531
   273   273  0.81678  0.53182 -0.22370
   274   274  0.93211 -0.04220 -0.35971
   275   275  0.91819  0.12581 -0.37564
   276   276  0.87940  0.28574 -0.38080
   277   277  0.81678  0.43792 -0.37564
   278   278  0.72929  0.58202 -0.35971
   279   279  0.86585 -0.11351 -0.48725
   280   280  0.85784  0.04182 -0.51221
   281   281  0.82994  0.19069 -0.52425
   282   282  0.63377  0.70449 -0.31944
   283   283  0.71859  0.66850 -0.19166
   284   284  0.78352  0.61807 -0.06389
   285   285  0.92681  0.19742  0.31944
   286   286  0.97429  0.11845  0.19166
   287   287  0.99718  0.03949  0.06389
   288   288 -0.00000  0.98008  0.19861
   289   289  0.08931  0.99446  0.05547
   290   290 -0.08931  0.99446  0.05547
   291   291  0.17371  0.98110 -0.08527
   292   292 -0.00000  0.99600 -0.08938
   293   293 -0.17371  0.98110 -0.08527
   294   294  0.25340  0.94114 -0.22370
   295   295  0.08578  0.96813 -0.23531
   296   296 -0.08578  0.96813 -0.23531
   297   297 -0.25340  0.94114 -0.22370
   298   298  0.32817  0.87345 -0.35971
   299   299  0.16409  0.91212 -0.37564
   300   300 -0.00000  0.92466 -0.38080
   301   301 -0.16409  0.91212 -0.37564
   302   302 -0.32817  0.87345 -0.35971
   303   303  0.37552  0.78840 -0.48725
   304   304  0.22531  0.82878 -0.51221
   305   305  0.07510  0.84825 -0.52425
   306   306 -0.47416  0.82045 -0.31944
   307   307 -0.41373  0.89000 -0.19166
   308   308 -0.34570  0.93617 -0.06389
   309   309  0.09864  0.94246  0.31944
   310   310  0.18841  0.96321  0.19166
   311   311  0.27059  0.96057  0.06389
   312   312 -0.93211  0.30286  0.19861
   313   313 -0.91819  0.39224  0.05547
   314   314 -0.97338  0.22237  0.05547
   315   315 -0.87940  0.46838 -0.08527
   316   316 -0.94725  0.30778 -0.08938
   317   317 -0.98676  0.13797 -0.08527
   318   318 -0.81678  0.53182 -0.22370
   319   319 -0.89424  0.38075 -0.23531
   320   320 -0.94725  0.21759 -0.23531
   321   321 -0.97338  0.04983 -0.22370
   322   322 -0.72929  0.58202 -0.35971
   323   323 -0.81678  0.43792 -0.37564
   324   324 -0.87940  0.28573 -0.38080
   325   325 -0.91819  0.12581 -0.37564
   326   326 -0.93211 -0.04220 -0.35971
   327   327 -0.63377  0.60077 -0.48725
   328   328 -0.71859  0.47039 -0.51221
   329   329 -0.78352  0.33355 -0.52425
   330   330 -0.92681 -0.19742 -0.31944
   331   331 -0.97429 -0.11845 -0.19166
   332   332 -0.99718 -0.03948 -0.06389
   333   333 -0.86585  0.38505  0.31944
   334   334 -0.85784  0.47684  0.19166
   335   335 -0.82994  0.55418  0.06389
   336   336 -0.57608 -0.79290  0.19861
   337   337 -0.65678 -0.75204  0.05547
   338   338 -0.51227 -0.85703  0.05547
   339   339 -0.71721 -0.69162 -0.08527
   340   340 -0.58543 -0.80578 -0.08938
   341   341 -0.43614 -0.89583 -0.08527
   342   342 -0.75819 -0.61246 -0.22370
   343   343 -0.63845 -0.73281 -0.23531
   344   344 -0.49965 -0.83365 -0.23531
   345   345 -0.34819 -0.91034 -0.22370
   346   346 -0.77890 -0.51374 -0.35971
   347   347 -0.66888 -0.64148 -0.37564
   348   348 -0.54350 -0.74806 -0.38080
   349   349 -0.40338 -0.83437 -0.37564
   350   350 -0.24790 -0.89953 -0.35971
   351   351 -0.76721 -0.41710 -0.48725
   352   352 -0.66943 -0.53806 -0.51221
   353   353 -0.55935 -0.64210 -0.52425
   354   354 -0.09864 -0.94246 -0.31944
   355   355 -0.18841 -0.96321 -0.19166
   356   356 -0.27059 -0.96057 -0.06389
   357   357 -0.63377 -0.70449  0.31944
   358   358 -0.71859 -0.66850  0.19166
   359   359 -0.78352 -0.61807  0.06389
   360   360  0.68421 -0.38341 -0.62037
   361   361  0.57000 -0.50538 -0.64784
   362   362  0.57000 -0.35343 -0.74174
   363   363  0.44326 -0.61009 -0.65674
   364   364  0.44760 -0.47013 -0.76068
   365   365  0.44326 -0.31456 -0.83939
   366   366  0.30450 -0.69827 -0.64784
   367   367  0.30880 -0.57097 -0.76068
   368   368  0.30880 -0.42503 -0.85088
   369   369  0.30450 -0.26717 -0.91428
   370   370  0.15321 -0.76920 -0.62037
   371   371  0.16000 -0.65132 -0.74174
   372   372  0.16219 -0.51877 -0.83939
   373   373  0.16000 -0.37216 -0.91428
   374   374  0.15321 -0.21088 -0.96543
   375   375  0.00000 -0.80669 -0.59097
   376   376  0.00000 -0.70388 -0.71032
   377   377  0.00000 -0.58813 -0.80876
   378   378  0.15960 -0.05186 -0.98582
   379   379  0.30486 -0.09906 -0.94723
   380   380  0.43783 -0.14226 -0.88773
   381   381  0.76721 -0.41710 -0.48725
   382   382  0.66943 -0.53806 -0.51221
   383   383  0.55935 -0.64210 -0.52425
   384   384  0.57608  0.53224 -0.62037
   385   385  0.65678  0.38593 -0.64784
   386   386  0.51228  0.43289 -0.74174
   387   387  0.71721  0.23304 -0.65674
   388   388  0.58543  0.28041 -0.76068
   389   389  0.43614  0.32436 -0.83939
   390   390  0.75819  0.07382 -0.64784
   391   391  0.63845  0.11725 -0.76068
   392   392  0.49965  0.16235 -0.85088
   393   393  0.34819  0.20704 -0.91428
   394   394  0.77890 -0.09198 -0.62037
   395   395  0.66888 -0.04910 -0.74174
   396   396  0.54350 -0.00605 -0.83939
   397   397  0.40338  0.03716 -0.91428
   398   398  0.24790  0.08055 -0.96543
   399   399  0.76721 -0.24928 -0.59097
   400   400  0.66943 -0.21751 -0.71032
   401   401  0.55935 -0.18174 -0.80876
   402   402  0.09864  0.13577 -0.98582
   403   403  0.18842  0.25933 -0.94723
   404   404  0.27059  0.37244 -0.88773
   405   405  0.63377  0.60077 -0.48725
   406   406  0.71859  0.47039 -0.51221
   407   407  0.78352  0.33355 -0.52425
   408   408 -0.32817  0.71235 -0.62037
   409   409 -0.16409  0.74390 -0.64784
   410   410 -0.25340  0.62097 -0.74174
   411   411 -0.00000  0.75412 -0.65674
   412   412 -0.08578  0.64343 -0.76068
   413   413 -0.17371  0.51503 -0.83939
   414   414  0.16409  0.74390 -0.64784
   415   415  0.08578  0.64343 -0.76068
   416   416 -0.00000  0.52537 -0.85088
   417   417 -0.08931  0.39513 -0.91428
   418   418  0.32817  0.71235 -0.62037
   419   419  0.25340  0.62097 -0.74174
   420   420  0.17371  0.51503 -0.83939
   421   421  0.08931  0.39513 -0.91428
   422   422 -0.00000  0.26066 -0.96543
   423   423  0.47416  0.65263 -0.59097
   424   424  0.41373  0.56945 -0.71032
   425   425  0.34570  0.47581 -0.80876
   426   426 -0.09864  0.13577 -0.98582
   427   427 -0.18841  0.25933 -0.94723
   428   428 -0.27059  0.37244 -0.88773
   429   429 -0.37552  0.78839 -0.48725
   430   430 -0.22531  0.82878 -0.51221
   431   431 -0.07510  0.84825 -0.52425
   432   432 -0.77890 -0.09198 -0.62037
   433   433 -0.75819  0.07382 -0.64784
   434   434 -0.66888 -0.04910 -0.74174
   435   435 -0.71721  0.23303 -0.65674
   436   436 -0.63845  0.11725 -0.76068
   437   437 -0.54350 -0.00605 -0.83939
   438   438 -0.65678  0.38593 -0.64784
   439   439 -0.58543  0.28041 -0.76068
   440   440 -0.49965  0.16235 -0.85088
   441   441 -0.40338  0.03716 -0.91428
   442   442 -0.57608  0.53224 -0.62037
   443   443 -0.51228  0.43289 -0.74174
   444   444 -0.43614  0.32436 -0.83939
   445   445 -0.34819  0.20704 -0.91428
   446   446 -0.24790  0.08055 -0.96543
   447   447 -0.47416  0.65263 -0.59097
   448   448 -0.41373  0.56945 -0.71032
   449   449 -0.34570  0.47581 -0.80876
   450   450 -0.15960 -0.05186 -0.98582
   451   451 -0.30486 -0.09906 -0.94723
   452   452 -0.43783 -0.14226 -0.88773
   453   453 -0.86585 -0.11352 -0.48725
   454   454 -0.85784  0.04182 -0.51221
   455   455 -0.82994  0.19069 -0.52425
   456   456 -0.15321 -0.76920 -0.62037
   457   457 -0.30450 -0.69827 -0.64784
   458   458 -0.16000 -0.65132 -0.74174
   459   459 -0.44326 -0.61009 -0.65674
   460   460 -0.30880 -0.57097 -0.76068
   461   461 -0.16219 -0.51877 -0.83939
   462   462 -0.57000 -0.50538 -0.64784
   463   463 -0.44760 -0.47013 -0.76068
   464   464 -0.30880 -0.42503 -0.85088
   465   465 -0.16000 -0.37216 -0.91428
   466   466 -0.68421 -0.38341 -0.62037
   467   467 -0.57000 -0.35343 -0.74174
   468   468 -0.44326 -0.31457 -0.83939
   469   469 -0.30450 -0.26717 -0.91428
   470   470 -0.15321 -0.21088 -0.96543
   471   471 -0.76721 -0.24928 -0.59097
   472   472 -0.66943 -0.21751 -0.71032
   473   473 -0.55935 -0.18174 -0.80876
   474   474 -0.00000 -0.16782 -0.98582
   475   475 -0.00000 -0.32055 -0.94723
   476   476 -0.00000 -0.46036 -0.88773
   477   477 -0.15960 -0.85855 -0.48725
   478   478 -0.30486 -0.80293 -0.51221
   479   479 -0.43783 -0.73039 -0.52425
   480   480  0.00000  0.00000  1.00000
   481   481 -0.00000  0.89443  0.44721
   482   482 -0.85065  0.27639  0.44721
   483   483 -0.52573 -0.72361  0.44721
   484   484  0.52573 -0.72361  0.44721
   485   485  0.85065  0.27639  0.44721
   486   486 -0.00000 -0.00000 -1.00000
   487   487  0.00000 -0.89443 -0.44721
   488   488  0.85065 -0.27639 -0.44721
   489   489  0.52573  0.72361 -0.44721
   490   490 -0.52573  0.72361 -0.44721
   491   491 -0.85065 -0.27639 -0.44721
