     0     0  0.00000 -0.60706  0.79465
     1     1 -0.17524 -0.83749  0.51760
     2     2  0.39186 -0.53934  0.74536
     3     3 -0.21661 -0.29814  0.92962
     4     4  0.57735 -0.18759  0.79465
     5     5  0.74234 -0.42546  0.51760
     6     6  0.63404  0.20601  0.74536
     7     7  0.21661 -0.29814  0.92962
     8     8  0.35682  0.49112  0.79465
     9     9  0.63404  0.57454  0.51760
    10    10  0.00000  0.66667  0.74536
    11    11  0.35049  0.11388  0.92962
    12    12 -0.35682  0.49112  0.79465
    13    13 -0.35049  0.78055  0.51760
    14    14 -0.63404  0.20601  0.74536
    15    15 -0.00000  0.36852  0.92962
    16    16 -0.57735 -0.18759  0.79465
    17    17 -0.85065 -0.09213  0.51760
    18    18 -0.39186 -0.53934  0.74536
    19    19 -0.35049  0.11388  0.92962
    20    20  0.00000 -0.98225  0.18759
    21    21 -0.39186 -0.90787  0.14907
    22    22  0.21661 -0.96481 -0.14907
    23    23  0.17524 -0.83749  0.51760
    24    24  0.93417 -0.30353  0.18759
    25    25  0.74234 -0.65322  0.14907
    26    26  0.98453 -0.09213 -0.14907
    27    27  0.85065 -0.09213  0.51760
    28    28  0.57735  0.79465  0.18759
    29    29  0.85065  0.50415  0.14907
    30    30  0.39186  0.90787 -0.14907
    31    31  0.35049  0.78055  0.51760
    32    32 -0.57735  0.79465  0.18759
    33    33 -0.21661  0.96481  0.14907
    34    34 -0.74234  0.65323 -0.14907
    35    35 -0.63404  0.57454  0.51760
    36    36 -0.93417 -0.30353  0.18759
    37    37 -0.98453  0.09213  0.14907
    38    38 -0.85065 -0.50415 -0.14907
    39    39 -0.74234 -0.42546  0.51760
    40    40  0.57735 -0.79465 -0.18759
    41    41  0.35049 -0.78055 -0.51759
    42    42  0.85065 -0.50415 -0.14907
    43    43  0.39186 -0.90787  0.14907
    44    44  0.93417  0.30353 -0.18759
    45    45  0.85065  0.09213 -0.51759
    46    46  0.74234  0.65322 -0.14907
    47    47  0.98453  0.09213  0.14907
    48    48 -0.00000  0.98225 -0.18759
    49    49  0.17524  0.83749 -0.51759
    50    50 -0.39186  0.90787 -0.14907
    51    51  0.21661  0.96481  0.14907
    52    52 -0.93417  0.30353 -0.18759
    53    53 -0.74234  0.42546 -0.51759
    54    54 -0.98453 -0.09213 -0.14907
    55    55 -0.85065  0.50415  0.14907
    56    56 -0.57735 -0.79465 -0.18759
    57    57 -0.63404 -0.57454 -0.51759
    58    58 -0.21661 -0.96481 -0.14907
    59    59 -0.74234 -0.65323  0.14907
    60    60  0.35682 -0.49112 -0.79465
    61    61  0.00000 -0.66667 -0.74536
    62    62  0.35049 -0.11388 -0.92962
    63    63  0.63404 -0.57454 -0.51760
    64    64  0.57735  0.18759 -0.79465
    65    65  0.63404 -0.20601 -0.74536
    66    66  0.21661  0.29814 -0.92962
    67    67  0.74234  0.42546 -0.51760
    68    68 -0.00000  0.60706 -0.79465
    69    69  0.39186  0.53935 -0.74536
    70    70 -0.21661  0.29814 -0.92962
    71    71 -0.17524  0.83749 -0.51760
    72    72 -0.57735  0.18759 -0.79465
    73    73 -0.39186  0.53934 -0.74536
    74    74 -0.35049 -0.11388 -0.92962
    75    75 -0.85065  0.09213 -0.51760
    76    76 -0.35682 -0.49112 -0.79465
    77    77 -0.63404 -0.20601 -0.74536
    78    78 -0.00000 -0.36852 -0.92962
    79    79 -0.35049 -0.78055 -0.51760
    80    80  0.00000  0.00000  1.00000
    81    81 -0.00000  0.89443  0.44721
    82    82 -0.85065  0.27639  0.44721
    83    83 -0.52573 -0.72361  0.44721
    84    84  0.52573 -0.72361  0.44721
    85    85  0.85065  0.27639  0.44721
    86    86 -0.00000 -0.00000 -1.00000
    87    87  0.00000 -0.89443 -0.44721
    88    88  0.85065 -0.27639 -0.44721
    89    89  0.52573  0.72361 -0.44721
    90    90 -0.52573  0.72361 -0.44721
    91    91 -0.85065 -0.27639 -0.44721
