     0     0  0.00000 -0.36836  0.92968
     1     1 -0.12103 -0.54558  0.82928
     2     2  0.12103 -0.54558  0.82928
     3     3 -0.23526 -0.69217  0.68231
     4     4  0.00000 -0.71216  0.70202
     5     5  0.23526 -0.69217  0.68231
     6     6 -0.31544 -0.80722  0.49889
     7     7 -0.10515 -0.84594  0.52282
     8     8  0.45096 -0.62069  0.64139
     9     9  0.35988 -0.49533  0.79066
    10    10 -0.13552 -0.18653  0.97306
    11    11 -0.25473 -0.35061  0.90121
    12    12  0.35033 -0.11383  0.92968
    13    13  0.48147 -0.28370  0.82928
    14    14  0.55627 -0.05349  0.82928
    15    15  0.58559 -0.43764  0.68231
    16    16  0.67730 -0.22007  0.70202
    17    17  0.73099  0.00986  0.68231
    18    18  0.67024 -0.54944  0.49889
    19    19  0.77204 -0.36141  0.52282
    20    20  0.72967  0.23708  0.64139
    21    21  0.58229  0.18920  0.79066
    22    22  0.13552 -0.18653  0.97306
    23    23  0.25473 -0.35061  0.90121
    24    24  0.21651  0.29801  0.92968
    25    25  0.41860  0.37024  0.82928
    26    26  0.22277  0.51252  0.82928
    27    27  0.59718  0.42169  0.68231
    28    28  0.41860  0.57615  0.70202
    29    29  0.21651  0.69826  0.68231
    30    30  0.72967  0.46765  0.49889
    31    31  0.58229  0.62257  0.52282
    32    32  0.00000  0.76722  0.64139
    33    33  0.00000  0.61226  0.79066
    34    34  0.21928  0.07125  0.97306
    35    35  0.41216  0.13392  0.90121
    36    36 -0.21652  0.29801  0.92968
    37    37 -0.22277  0.51252  0.82928
    38    38 -0.41860  0.37024  0.82928
    39    39 -0.21652  0.69826  0.68231
    40    40 -0.41860  0.57615  0.70202
    41    41 -0.59718  0.42169  0.68231
    42    42 -0.21928  0.83847  0.49889
    43    43 -0.41216  0.74618  0.52282
    44    44 -0.72967  0.23708  0.64139
    45    45 -0.58229  0.18920  0.79066
    46    46 -0.00000  0.23056  0.97306
    47    47 -0.00000  0.43337  0.90121
    48    48 -0.35033 -0.11383  0.92968
    49    49 -0.55627 -0.05349  0.82928
    50    50 -0.48147 -0.28370  0.82928
    51    51 -0.73099  0.00986  0.68231
    52    52 -0.67730 -0.22007  0.70202
    53    53 -0.58559 -0.43764  0.68231
    54    54 -0.86519  0.05055  0.49889
    55    55 -0.83702 -0.16141  0.52282
    56    56 -0.45096 -0.62069  0.64139
    57    57 -0.35988 -0.49533  0.79066
    58    58 -0.21928  0.07125  0.97306
    59    59 -0.41216  0.13392  0.90121
    60    60  0.23526 -0.91983  0.31396
    61    61  0.00000 -0.94639  0.32302
    62    62  0.12103 -0.98572  0.11712
    63    63 -0.23526 -0.91983  0.31396
    64    64 -0.12103 -0.98572  0.11712
    65    65  0.00000 -0.99627 -0.08630
    66    66 -0.45096 -0.85126  0.26833
    67    67 -0.35988 -0.92870  0.08944
    68    68  0.13552 -0.95375 -0.26833
    69    69  0.25473 -0.96287 -0.08944
    70    70  0.31544 -0.80722  0.49889
    71    71  0.10515 -0.84594  0.52282
    72    72  0.94751 -0.06049  0.31396
    73    73  0.90007 -0.29245  0.32302
    74    74  0.97487 -0.18950  0.11712
    75    75  0.80211 -0.50799  0.31396
    76    76  0.90007 -0.41971  0.11712
    77    77  0.94751 -0.30786 -0.08630
    78    78  0.67024 -0.69194  0.26833
    79    79  0.77204 -0.62925  0.08944
    80    80  0.94895 -0.16584 -0.26833
    81    81  0.99446 -0.05528 -0.08944
    82    82  0.86519  0.05055  0.49889
    83    83  0.83702 -0.16141  0.52282
    84    84  0.35033  0.88244  0.31396
    85    85  0.55627  0.76565  0.32302
    86    86  0.48147  0.86860  0.11712
    87    87  0.73099  0.60587  0.31396
    88    88  0.67730  0.72632  0.11712
    89    89  0.58559  0.80600 -0.08630
    90    90  0.86519  0.42361  0.26833
    91    91  0.83702  0.53981  0.08944
    92    92  0.45096  0.85126 -0.26833
    93    93  0.35988  0.92870 -0.08944
    94    94  0.21928  0.83847  0.49889
    95    95  0.41216  0.74618  0.52282
    96    96 -0.73099  0.60587  0.31396
    97    97 -0.55627  0.76565  0.32302
    98    98 -0.67730  0.72632  0.11712
    99    99 -0.35033  0.88244  0.31396
   100   100 -0.48147  0.86860  0.11712
   101   101 -0.58559  0.80600 -0.08630
   102   102 -0.13552  0.95375  0.26833
   103   103 -0.25473  0.96287  0.08944
   104   104 -0.67024  0.69194 -0.26833
   105   105 -0.77204  0.62925 -0.08944
   106   106 -0.72967  0.46765  0.49889
   107   107 -0.58229  0.62257  0.52282
   108   108 -0.80211 -0.50799  0.31396
   109   109 -0.90007 -0.29245  0.32302
   110   110 -0.90007 -0.41971  0.11712
   111   111 -0.94751 -0.06049  0.31396
   112   112 -0.97487 -0.18950  0.11712
   113   113 -0.94751 -0.30786 -0.08630
   114   114 -0.94895  0.16584  0.26833
   115   115 -0.99446  0.05528  0.08944
   116   116 -0.86519 -0.42361 -0.26833
   117   117 -0.83702 -0.53981 -0.08944
   118   118 -0.67024 -0.54945  0.49889
   119   119 -0.77204 -0.36141  0.52282
   120   120  0.58559 -0.80600  0.08630
   121   121  0.48147 -0.86860 -0.11712
   122   122  0.67730 -0.72632 -0.11712
   123   123  0.35033 -0.88244 -0.31396
   124   124  0.55627 -0.76565 -0.32302
   125   125  0.73099 -0.60587 -0.31396
   126   126  0.21928 -0.83847 -0.49889
   127   127  0.41216 -0.74618 -0.52282
   128   128  0.86519 -0.42361 -0.26833
   129   129  0.83702 -0.53981 -0.08944
   130   130  0.45096 -0.85126  0.26833
   131   131  0.35988 -0.92870  0.08944
   132   132  0.94751  0.30786  0.08630
   133   133  0.97487  0.18950 -0.11712
   134   134  0.90007  0.41971 -0.11712
   135   135  0.94751  0.06049 -0.31396
   136   136  0.90007  0.29245 -0.32302
   137   137  0.80211  0.50799 -0.31396
   138   138  0.86519 -0.05055 -0.49889
   139   139  0.83702  0.16141 -0.52282
   140   140  0.67024  0.69194 -0.26833
   141   141  0.77204  0.62925 -0.08944
   142   142  0.94895  0.16584  0.26833
   143   143  0.99446  0.05528  0.08944
   144   144 -0.00000  0.99627  0.08630
   145   145  0.12103  0.98572 -0.11712
   146   146 -0.12103  0.98572 -0.11712
   147   147  0.23526  0.91983 -0.31396
   148   148 -0.00000  0.94639 -0.32302
   149   149 -0.23526  0.91983 -0.31396
   150   150  0.31544  0.80722 -0.49889
   151   151  0.10515  0.84594 -0.52282
   152   152 -0.45096  0.85126 -0.26833
   153   153 -0.35988  0.92870 -0.08944
   154   154  0.13552  0.95375  0.26833
   155   155  0.25473  0.96287  0.08944
   156   156 -0.94751  0.30786  0.08630
   157   157 -0.90007  0.41971 -0.11712
   158   158 -0.97487  0.18950 -0.11712
   159   159 -0.80211  0.50799 -0.31396
   160   160 -0.90007  0.29245 -0.32302
   161   161 -0.94751  0.06049 -0.31396
   162   162 -0.67024  0.54944 -0.49889
   163   163 -0.77204  0.36141 -0.52282
   164   164 -0.94895 -0.16584 -0.26833
   165   165 -0.99446 -0.05528 -0.08944
   166   166 -0.86519  0.42361  0.26833
   167   167 -0.83702  0.53981  0.08944
   168   168 -0.58559 -0.80600  0.08630
   169   169 -0.67730 -0.72632 -0.11712
   170   170 -0.48147 -0.86860 -0.11712
   171   171 -0.73099 -0.60587 -0.31396
   172   172 -0.55627 -0.76565 -0.32302
   173   173 -0.35033 -0.88244 -0.31396
   174   174 -0.72967 -0.46765 -0.49889
   175   175 -0.58229 -0.62257 -0.52282
   176   176 -0.13552 -0.95375 -0.26833
   177   177 -0.25473 -0.96287 -0.08944
   178   178 -0.67024 -0.69194  0.26833
   179   179 -0.77204 -0.62925  0.08944
   180   180  0.59718 -0.42169 -0.68231
   181   181  0.41860 -0.57615 -0.70202
   182   182  0.41860 -0.37024 -0.82928
   183   183  0.21652 -0.69826 -0.68231
   184   184  0.22277 -0.51252 -0.82928
   185   185  0.21652 -0.29801 -0.92968
   186   186  0.00000 -0.76722 -0.64139
   187   187  0.00000 -0.61226 -0.79066
   188   188  0.21928 -0.07125 -0.97306
   189   189  0.41216 -0.13392 -0.90121
   190   190  0.72967 -0.46765 -0.49889
   191   191  0.58229 -0.62257 -0.52282
   192   192  0.58559  0.43764 -0.68231
   193   193  0.67730  0.22007 -0.70202
   194   194  0.48148  0.28370 -0.82928
   195   195  0.73099 -0.00986 -0.68231
   196   196  0.55628  0.05349 -0.82928
   197   197  0.35033  0.11383 -0.92968
   198   198  0.72967 -0.23708 -0.64139
   199   199  0.58229 -0.18920 -0.79066
   200   200  0.13552  0.18653 -0.97306
   201   201  0.25473  0.35061 -0.90121
   202   202  0.67024  0.54945 -0.49889
   203   203  0.77204  0.36141 -0.52282
   204   204 -0.23526  0.69217 -0.68231
   205   205 -0.00000  0.71216 -0.70202
   206   206 -0.12103  0.54558 -0.82928
   207   207  0.23526  0.69217 -0.68231
   208   208  0.12103  0.54558 -0.82928
   209   209 -0.00000  0.36836 -0.92968
   210   210  0.45096  0.62069 -0.64139
   211   211  0.35988  0.49533 -0.79066
   212   212 -0.13552  0.18653 -0.97306
   213   213 -0.25473  0.35061 -0.90121
   214   214 -0.31544  0.80722 -0.49889
   215   215 -0.10515  0.84594 -0.52282
   216   216 -0.73099 -0.00986 -0.68231
   217   217 -0.67730  0.22007 -0.70202
   218   218 -0.55628  0.05349 -0.82928
   219   219 -0.58559  0.43764 -0.68231
   220   220 -0.48148  0.28370 -0.82928
   221   221 -0.35033  0.11383 -0.92968
   222   222 -0.45096  0.62069 -0.64139
   223   223 -0.35988  0.49533 -0.79066
   224   224 -0.21928 -0.07125 -0.97306
   225   225 -0.41216 -0.13392 -0.90121
   226   226 -0.86519 -0.05055 -0.49889
   227   227 -0.83702  0.16141 -0.52282
   228   228 -0.21651 -0.69826 -0.68231
   229   229 -0.41860 -0.57615 -0.70202
   230   230 -0.22277 -0.51252 -0.82928
   231   231 -0.59718 -0.42169 -0.68231
   232   232 -0.41860 -0.37024 -0.82928
   233   233 -0.21652 -0.29801 -0.92968
   234   234 -0.72967 -0.23708 -0.64139
   235   235 -0.58229 -0.18920 -0.79066
   236   236 -0.00000 -0.23056 -0.97306
   237   237 -0.00000 -0.43337 -0.90121
   238   238 -0.21928 -0.83847 -0.49889
   239   239 -0.41216 -0.74618 -0.52282
   240   240  0.00000  0.00000  1.00000
   241   241 -0.00000  0.89443  0.44721
   242   242 -0.85065  0.27639  0.44721
   243   243 -0.52573 -0.72361  0.44721
   244   244  0.52573 -0.72361  0.44721
   245   245  0.85065  0.27639  0.44721
   246   246 -0.00000 -0.00000 -1.00000
   247   247  0.00000 -0.89443 -0.44721
   248   248  0.85065 -0.27639 -0.44721
   249   249  0.52573  0.72361 -0.44721
   250   250 -0.52573  0.72361 -0.44721
   251   251 -0.85065 -0.27639 -0.44721
